<?xml version="1.0" encoding="UTF-8"?>
<coverage generated="1681029321999" clover="3.2.0">
  <project timestamp="1681029321999" name="All files">
    <metrics statements="338" coveredstatements="269" conditionals="94" coveredconditionals="50" methods="97" coveredmethods="64" elements="529" coveredelements="383" complexity="0" loc="338" ncloc="338" packages="4" files="24" classes="24"/>
    <package name="src">
      <metrics statements="21" coveredstatements="20" conditionals="13" coveredconditionals="7" methods="9" coveredmethods="8"/>
      <file name="App.tsx" path="C:\Users\user\FD3-Halavach\react-store\src\App.tsx">
        <metrics statements="18" coveredstatements="17" conditionals="12" coveredconditionals="6" methods="8" coveredmethods="7"/>
        <line num="1" count="1" type="stmt"/>
        <line num="2" count="1" type="stmt"/>
        <line num="3" count="1" type="stmt"/>
        <line num="4" count="1" type="stmt"/>
        <line num="5" count="1" type="stmt"/>
        <line num="6" count="1" type="stmt"/>
        <line num="7" count="1" type="stmt"/>
        <line num="8" count="2" type="stmt"/>
        <line num="9" count="2" type="stmt"/>
        <line num="13" count="3" type="stmt"/>
        <line num="14" count="3" type="stmt"/>
        <line num="18" count="3" type="stmt"/>
        <line num="20" count="0" type="stmt"/>
        <line num="22" count="1" type="stmt"/>
        <line num="25" count="1" type="stmt"/>
        <line num="26" count="1" type="stmt"/>
        <line num="36" count="3" type="stmt"/>
        <line num="101" count="1" type="stmt"/>
      </file>
      <file name="util.tsx" path="C:\Users\user\FD3-Halavach\react-store\src\util.tsx">
        <metrics statements="3" coveredstatements="3" conditionals="1" coveredconditionals="1" methods="1" coveredmethods="1"/>
        <line num="1" count="3" type="stmt"/>
        <line num="2" count="82" type="cond" truecount="1" falsecount="0"/>
        <line num="3" count="48" type="stmt"/>
      </file>
    </package>
    <package name="src.components">
      <metrics statements="257" coveredstatements="197" conditionals="73" coveredconditionals="37" methods="74" coveredmethods="47"/>
      <file name="About.tsx" path="C:\Users\user\FD3-Halavach\react-store\src\components\About.tsx">
        <metrics statements="2" coveredstatements="2" conditionals="0" coveredconditionals="0" methods="1" coveredmethods="1"/>
        <line num="1" count="1" type="stmt"/>
        <line num="2" count="2" type="stmt"/>
      </file>
      <file name="AddToCartButton.tsx" path="C:\Users\user\FD3-Halavach\react-store\src\components\AddToCartButton.tsx">
        <metrics statements="12" coveredstatements="11" conditionals="4" coveredconditionals="2" methods="6" coveredmethods="4"/>
        <line num="1" count="3" type="stmt"/>
        <line num="3" count="3" type="stmt"/>
        <line num="5" count="3" type="stmt"/>
        <line num="9" count="208" type="stmt"/>
        <line num="10" count="104" type="stmt"/>
        <line num="11" count="124" type="stmt"/>
        <line num="12" count="104" type="stmt"/>
        <line num="13" count="43" type="stmt"/>
        <line num="16" count="104" type="stmt"/>
        <line num="17" count="43" type="stmt"/>
        <line num="20" count="104" type="stmt"/>
        <line num="25" count="0" type="stmt"/>
      </file>
      <file name="AppPagination.tsx" path="C:\Users\user\FD3-Halavach\react-store\src\components\AppPagination.tsx">
        <metrics statements="20" coveredstatements="19" conditionals="0" coveredconditionals="0" methods="5" coveredmethods="4"/>
        <line num="1" count="2" type="stmt"/>
        <line num="2" count="2" type="stmt"/>
        <line num="3" count="2" type="stmt"/>
        <line num="4" count="2" type="stmt"/>
        <line num="5" count="2" type="stmt"/>
        <line num="8" count="2" type="stmt"/>
        <line num="11" count="56" type="stmt"/>
        <line num="12" count="56" type="stmt"/>
        <line num="13" count="56" type="stmt"/>
        <line num="14" count="56" type="stmt"/>
        <line num="16" count="78" type="stmt"/>
        <line num="17" count="56" type="stmt"/>
        <line num="18" count="76" type="stmt"/>
        <line num="21" count="56" type="stmt"/>
        <line num="22" count="32" type="stmt"/>
        <line num="23" count="32" type="stmt"/>
        <line num="24" count="32" type="stmt"/>
        <line num="32" count="56" type="stmt"/>
        <line num="33" count="0" type="stmt"/>
        <line num="36" count="56" type="stmt"/>
      </file>
      <file name="Cart.tsx" path="C:\Users\user\FD3-Halavach\react-store\src\components\Cart.tsx">
        <metrics statements="28" coveredstatements="17" conditionals="17" coveredconditionals="4" methods="11" coveredmethods="4"/>
        <line num="1" count="2" type="stmt"/>
        <line num="2" count="2" type="stmt"/>
        <line num="4" count="2" type="stmt"/>
        <line num="5" count="2" type="stmt"/>
        <line num="6" count="2" type="stmt"/>
        <line num="7" count="2" type="stmt"/>
        <line num="9" count="2" type="stmt"/>
        <line num="10" count="5" type="stmt"/>
        <line num="11" count="7" type="stmt"/>
        <line num="13" count="5" type="stmt"/>
        <line num="14" count="5" type="stmt"/>
        <line num="22" count="5" type="stmt"/>
        <line num="23" count="0" type="stmt"/>
        <line num="24" count="0" type="stmt"/>
        <line num="26" count="0" type="stmt"/>
        <line num="27" count="0" type="stmt"/>
        <line num="30" count="5" type="stmt"/>
        <line num="31" count="2" type="stmt"/>
        <line num="34" count="5" type="stmt"/>
        <line num="35" count="2" type="cond" truecount="1" falsecount="0"/>
        <line num="38" count="5" type="stmt"/>
        <line num="54" count="0" type="stmt"/>
        <line num="75" count="0" type="stmt"/>
        <line num="76" count="0" type="stmt"/>
        <line num="77" count="0" type="stmt"/>
        <line num="78" count="0" type="stmt"/>
        <line num="96" count="0" type="cond" truecount="0" falsecount="4"/>
        <line num="103" count="0" type="stmt"/>
      </file>
      <file name="CheckoutForm.tsx" path="C:\Users\user\FD3-Halavach\react-store\src\components\CheckoutForm.tsx">
        <metrics statements="74" coveredstatements="58" conditionals="27" coveredconditionals="22" methods="17" coveredmethods="10"/>
        <line num="1" count="3" type="stmt"/>
        <line num="2" count="3" type="stmt"/>
        <line num="10" count="3" type="stmt"/>
        <line num="11" count="3" type="stmt"/>
        <line num="12" count="3" type="stmt"/>
        <line num="13" count="3" type="stmt"/>
        <line num="14" count="3" type="stmt"/>
        <line num="15" count="3" type="stmt"/>
        <line num="17" count="67" type="stmt"/>
        <line num="20" count="64" type="stmt"/>
        <line num="21" count="64" type="stmt"/>
        <line num="22" count="64" type="stmt"/>
        <line num="23" count="64" type="stmt"/>
        <line num="24" count="64" type="stmt"/>
        <line num="25" count="64" type="stmt"/>
        <line num="26" count="64" type="stmt"/>
        <line num="27" count="64" type="stmt"/>
        <line num="32" count="64" type="stmt"/>
        <line num="33" count="64" type="stmt"/>
        <line num="34" count="64" type="stmt"/>
        <line num="35" count="64" type="stmt"/>
        <line num="37" count="64" type="stmt"/>
        <line num="45" count="64" type="stmt"/>
        <line num="47" count="10" type="stmt"/>
        <line num="48" count="10" type="cond" truecount="1" falsecount="1"/>
        <line num="49" count="10" type="cond" truecount="4" falsecount="0"/>
        <line num="50" count="6" type="stmt"/>
        <line num="51" count="4" type="stmt"/>
        <line num="54" count="64" type="stmt"/>
        <line num="55" count="19" type="stmt"/>
        <line num="56" count="19" type="stmt"/>
        <line num="59" count="19" type="cond" truecount="1" falsecount="1"/>
        <line num="60" count="19" type="cond" truecount="2" falsecount="0"/>
        <line num="61" count="16" type="stmt"/>
        <line num="64" count="64" type="stmt"/>
        <line num="65" count="25" type="stmt"/>
        <line num="66" count="25" type="stmt"/>
        <line num="67" count="25" type="cond" truecount="1" falsecount="1"/>
        <line num="68" count="25" type="cond" truecount="4" falsecount="0"/>
        <line num="69" count="19" type="stmt"/>
        <line num="70" count="6" type="stmt"/>
        <line num="73" count="64" type="stmt"/>
        <line num="74" count="64" type="cond" truecount="2" falsecount="0"/>
        <line num="75" count="149" type="cond" truecount="4" falsecount="0"/>
        <line num="80" count="19" type="stmt"/>
        <line num="82" count="45" type="stmt"/>
        <line num="86" count="64" type="stmt"/>
        <line num="91" count="0" type="stmt"/>
        <line num="92" count="0" type="stmt"/>
        <line num="95" count="0" type="stmt"/>
        <line num="96" count="0" type="stmt"/>
        <line num="99" count="0" type="stmt"/>
        <line num="103" count="64" type="stmt"/>
        <line num="104" count="0" type="stmt"/>
        <line num="105" count="0" type="stmt"/>
        <line num="106" count="0" type="stmt"/>
        <line num="107" count="0" type="stmt"/>
        <line num="109" count="64" type="stmt"/>
        <line num="123" count="19" type="stmt"/>
        <line num="124" count="19" type="stmt"/>
        <line num="125" count="19" type="stmt"/>
        <line num="144" count="10" type="stmt"/>
        <line num="145" count="10" type="stmt"/>
        <line num="146" count="10" type="stmt"/>
        <line num="165" count="25" type="stmt"/>
        <line num="166" count="25" type="stmt"/>
        <line num="167" count="25" type="stmt"/>
        <line num="183" count="0" type="stmt"/>
        <line num="184" count="0" type="stmt"/>
        <line num="185" count="0" type="cond" truecount="0" falsecount="1"/>
        <line num="186" count="0" type="stmt"/>
        <line num="193" count="0" type="stmt"/>
        <line num="229" count="0" type="stmt"/>
        <line num="230" count="0" type="stmt"/>
      </file>
      <file name="Filter.tsx" path="C:\Users\user\FD3-Halavach\react-store\src\components\Filter.tsx">
        <metrics statements="7" coveredstatements="6" conditionals="0" coveredconditionals="0" methods="3" coveredmethods="2"/>
        <line num="2" count="2" type="stmt"/>
        <line num="4" count="2" type="stmt"/>
        <line num="5" count="7" type="stmt"/>
        <line num="6" count="7" type="stmt"/>
        <line num="8" count="7" type="stmt"/>
        <line num="14" count="0" type="stmt"/>
        <line num="29" count="1" type="stmt"/>
      </file>
      <file name="Footer.tsx" path="C:\Users\user\FD3-Halavach\react-store\src\components\Footer.tsx">
        <metrics statements="2" coveredstatements="2" conditionals="0" coveredconditionals="0" methods="1" coveredmethods="1"/>
        <line num="3" count="1" type="stmt"/>
        <line num="4" count="2" type="stmt"/>
      </file>
      <file name="OrderListContainer.tsx" path="C:\Users\user\FD3-Halavach\react-store\src\components\OrderListContainer.tsx">
        <metrics statements="4" coveredstatements="4" conditionals="0" coveredconditionals="0" methods="2" coveredmethods="2"/>
        <line num="3" count="2" type="stmt"/>
        <line num="4" count="2" type="stmt"/>
        <line num="5" count="2" type="stmt"/>
        <line num="13" count="4" type="stmt"/>
      </file>
      <file name="OrdersList.tsx" path="C:\Users\user\FD3-Halavach\react-store\src\components\OrdersList.tsx">
        <metrics statements="16" coveredstatements="12" conditionals="2" coveredconditionals="1" methods="4" coveredmethods="3"/>
        <line num="1" count="1" type="stmt"/>
        <line num="3" count="1" type="stmt"/>
        <line num="4" count="1" type="stmt"/>
        <line num="6" count="4" type="stmt"/>
        <line num="7" count="3" type="stmt"/>
        <line num="8" count="3" type="stmt"/>
        <line num="10" count="3" type="stmt"/>
        <line num="18" count="5" type="stmt"/>
        <line num="20" count="2" type="stmt"/>
        <line num="21" count="0" type="stmt"/>
        <line num="22" count="0" type="stmt"/>
        <line num="24" count="0" type="stmt"/>
        <line num="28" count="3" type="stmt"/>
        <line num="29" count="2" type="stmt"/>
        <line num="32" count="3" type="stmt"/>
        <line num="38" count="0" type="stmt"/>
      </file>
      <file name="Search.tsx" path="C:\Users\user\FD3-Halavach\react-store\src\components\Search.tsx">
        <metrics statements="7" coveredstatements="7" conditionals="0" coveredconditionals="0" methods="3" coveredmethods="3"/>
        <line num="2" count="2" type="stmt"/>
        <line num="6" count="2" type="stmt"/>
        <line num="7" count="7" type="stmt"/>
        <line num="15" count="7" type="stmt"/>
        <line num="16" count="1" type="stmt"/>
        <line num="21" count="7" type="stmt"/>
        <line num="32" count="1" type="stmt"/>
      </file>
      <file name="Spinner.tsx" path="C:\Users\user\FD3-Halavach\react-store\src\components\Spinner.tsx">
        <metrics statements="4" coveredstatements="4" conditionals="0" coveredconditionals="0" methods="1" coveredmethods="1"/>
        <line num="2" count="1" type="stmt"/>
        <line num="3" count="1" type="stmt"/>
        <line num="5" count="1" type="stmt"/>
        <line num="6" count="1" type="stmt"/>
      </file>
      <file name="Store.tsx" path="C:\Users\user\FD3-Halavach\react-store\src\components\Store.tsx">
        <metrics statements="9" coveredstatements="9" conditionals="0" coveredconditionals="0" methods="0" coveredmethods="0"/>
        <line num="1" count="9" type="stmt"/>
        <line num="3" count="9" type="stmt"/>
        <line num="4" count="9" type="stmt"/>
        <line num="5" count="9" type="stmt"/>
        <line num="6" count="9" type="stmt"/>
        <line num="7" count="9" type="stmt"/>
        <line num="8" count="9" type="stmt"/>
        <line num="9" count="9" type="stmt"/>
        <line num="11" count="9" type="stmt"/>
      </file>
      <file name="Table.tsx" path="C:\Users\user\FD3-Halavach\react-store\src\components\Table.tsx">
        <metrics statements="72" coveredstatements="46" conditionals="23" coveredconditionals="8" methods="20" coveredmethods="12"/>
        <line num="2" count="2" type="stmt"/>
        <line num="3" count="2" type="stmt"/>
        <line num="4" count="2" type="stmt"/>
        <line num="5" count="2" type="stmt"/>
        <line num="6" count="2" type="stmt"/>
        <line num="7" count="2" type="stmt"/>
        <line num="8" count="2" type="stmt"/>
        <line num="9" count="2" type="stmt"/>
        <line num="10" count="2" type="stmt"/>
        <line num="11" count="2" type="stmt"/>
        <line num="12" count="2" type="stmt"/>
        <line num="13" count="2" type="stmt"/>
        <line num="14" count="2" type="stmt"/>
        <line num="16" count="22" type="stmt"/>
        <line num="17" count="20" type="stmt"/>
        <line num="18" count="31" type="stmt"/>
        <line num="19" count="20" type="stmt"/>
        <line num="20" count="31" type="stmt"/>
        <line num="21" count="20" type="stmt"/>
        <line num="23" count="20" type="stmt"/>
        <line num="24" count="20" type="stmt"/>
        <line num="28" count="20" type="stmt"/>
        <line num="30" count="20" type="stmt"/>
        <line num="32" count="20" type="stmt"/>
        <line num="41" count="26" type="stmt"/>
        <line num="43" count="6" type="stmt"/>
        <line num="44" count="2" type="stmt"/>
        <line num="46" count="0" type="stmt"/>
        <line num="50" count="20" type="stmt"/>
        <line num="51" count="6" type="stmt"/>
        <line num="54" count="20" type="stmt"/>
        <line num="55" count="0" type="cond" truecount="0" falsecount="2"/>
        <line num="56" count="0" type="stmt"/>
        <line num="57" count="0" type="cond" truecount="0" falsecount="2"/>
        <line num="58" count="0" type="stmt"/>
        <line num="59" count="0" type="cond" truecount="0" falsecount="2"/>
        <line num="60" count="0" type="stmt"/>
        <line num="61" count="0" type="stmt"/>
        <line num="63" count="0" type="cond" truecount="0" falsecount="1"/>
        <line num="64" count="0" type="stmt"/>
        <line num="65" count="0" type="stmt"/>
        <line num="69" count="0" type="stmt"/>
        <line num="72" count="20" type="stmt"/>
        <line num="73" count="8" type="stmt"/>
        <line num="74" count="8" type="cond" truecount="0" falsecount="1"/>
        <line num="75" count="0" type="stmt"/>
        <line num="76" count="8" type="cond" truecount="0" falsecount="1"/>
        <line num="77" count="8" type="cond" truecount="0" falsecount="1"/>
        <line num="78" count="0" type="stmt"/>
        <line num="79" count="0" type="stmt"/>
        <line num="83" count="0" type="stmt"/>
        <line num="85" count="8" type="stmt"/>
        <line num="88" count="20" type="stmt"/>
        <line num="89" count="2" type="stmt"/>
        <line num="92" count="20" type="stmt"/>
        <line num="93" count="1" type="stmt"/>
        <line num="96" count="20" type="stmt"/>
        <line num="97" count="0" type="stmt"/>
        <line num="98" count="0" type="stmt"/>
        <line num="99" count="0" type="stmt"/>
        <line num="100" count="0" type="cond" truecount="0" falsecount="1"/>
        <line num="101" count="0" type="cond" truecount="0" falsecount="1"/>
        <line num="102" count="0" type="stmt"/>
        <line num="105" count="0" type="cond" truecount="0" falsecount="1"/>
        <line num="106" count="0" type="stmt"/>
        <line num="108" count="0" type="stmt"/>
        <line num="109" count="0" type="stmt"/>
        <line num="112" count="20" type="stmt"/>
        <line num="116" count="16" type="stmt"/>
        <line num="121" count="80" type="stmt"/>
        <line num="127" count="2" type="stmt"/>
        <line num="146" count="16" type="stmt"/>
      </file>
    </package>
    <package name="src.hooks">
      <metrics statements="18" coveredstatements="17" conditionals="6" coveredconditionals="5" methods="7" coveredmethods="6"/>
      <file name="useDebounce.tsx" path="C:\Users\user\FD3-Halavach\react-store\src\hooks\useDebounce.tsx">
        <metrics statements="8" coveredstatements="8" conditionals="2" coveredconditionals="1" methods="4" coveredmethods="4"/>
        <line num="1" count="2" type="stmt"/>
        <line num="4" count="20" type="stmt"/>
        <line num="6" count="20" type="stmt"/>
        <line num="7" count="6" type="cond" truecount="1" falsecount="1"/>
        <line num="9" count="6" type="stmt"/>
        <line num="10" count="6" type="stmt"/>
        <line num="14" count="20" type="stmt"/>
        <line num="17" count="2" type="stmt"/>
      </file>
      <file name="useSearchParamsState.tsx" path="C:\Users\user\FD3-Halavach\react-store\src\hooks\useSearchParamsState.tsx">
        <metrics statements="10" coveredstatements="9" conditionals="4" coveredconditionals="4" methods="3" coveredmethods="2"/>
        <line num="1" count="4" type="stmt"/>
        <line num="3" count="4" type="stmt"/>
        <line num="10" count="137" type="stmt"/>
        <line num="12" count="137" type="stmt"/>
        <line num="13" count="137" type="cond" truecount="4" falsecount="0"/>
        <line num="15" count="137" type="stmt"/>
        <line num="16" count="2" type="stmt"/>
        <line num="19" count="0" type="stmt"/>
        <line num="24" count="2" type="stmt"/>
        <line num="26" count="137" type="stmt"/>
      </file>
    </package>
    <package name="src.slices">
      <metrics statements="42" coveredstatements="35" conditionals="2" coveredconditionals="1" methods="7" coveredmethods="3"/>
      <file name="cartProductsSlice.tsx" path="C:\Users\user\FD3-Halavach\react-store\src\slices\cartProductsSlice.tsx">
        <metrics statements="6" coveredstatements="6" conditionals="2" coveredconditionals="1" methods="1" coveredmethods="1"/>
        <line num="1" count="9" type="stmt"/>
        <line num="5" count="9" type="stmt"/>
        <line num="13" count="2" type="stmt"/>
        <line num="14" count="2" type="stmt"/>
        <line num="19" count="9" type="stmt"/>
        <line num="20" count="9" type="stmt"/>
      </file>
      <file name="filteredProductsSlice.tsx" path="C:\Users\user\FD3-Halavach\react-store\src\slices\filteredProductsSlice.tsx">
        <metrics statements="6" coveredstatements="6" conditionals="0" coveredconditionals="0" methods="1" coveredmethods="1"/>
        <line num="1" count="9" type="stmt"/>
        <line num="3" count="9" type="stmt"/>
        <line num="9" count="8" type="stmt"/>
        <line num="10" count="8" type="stmt"/>
        <line num="15" count="9" type="stmt"/>
        <line num="16" count="9" type="stmt"/>
      </file>
      <file name="ordersSlice.tsx" path="C:\Users\user\FD3-Halavach\react-store\src\slices\ordersSlice.tsx">
        <metrics statements="6" coveredstatements="5" conditionals="0" coveredconditionals="0" methods="1" coveredmethods="0"/>
        <line num="1" count="9" type="stmt"/>
        <line num="4" count="9" type="stmt"/>
        <line num="6" count="9" type="stmt"/>
        <line num="12" count="0" type="stmt"/>
        <line num="17" count="9" type="stmt"/>
        <line num="18" count="9" type="stmt"/>
      </file>
      <file name="productsSlice.tsx" path="C:\Users\user\FD3-Halavach\react-store\src\slices\productsSlice.tsx">
        <metrics statements="6" coveredstatements="6" conditionals="0" coveredconditionals="0" methods="1" coveredmethods="1"/>
        <line num="1" count="9" type="stmt"/>
        <line num="5" count="9" type="stmt"/>
        <line num="11" count="2" type="stmt"/>
        <line num="12" count="2" type="stmt"/>
        <line num="17" count="9" type="stmt"/>
        <line num="18" count="9" type="stmt"/>
      </file>
      <file name="searchQuerySlice.tsx" path="C:\Users\user\FD3-Halavach\react-store\src\slices\searchQuerySlice.tsx">
        <metrics statements="6" coveredstatements="4" conditionals="0" coveredconditionals="0" methods="1" coveredmethods="0"/>
        <line num="1" count="9" type="stmt"/>
        <line num="3" count="9" type="stmt"/>
        <line num="9" count="0" type="stmt"/>
        <line num="10" count="0" type="stmt"/>
        <line num="15" count="9" type="stmt"/>
        <line num="16" count="9" type="stmt"/>
      </file>
      <file name="sortSlice.tsx" path="C:\Users\user\FD3-Halavach\react-store\src\slices\sortSlice.tsx">
        <metrics statements="6" coveredstatements="4" conditionals="0" coveredconditionals="0" methods="1" coveredmethods="0"/>
        <line num="1" count="9" type="stmt"/>
        <line num="3" count="9" type="stmt"/>
        <line num="9" count="0" type="stmt"/>
        <line num="10" count="0" type="stmt"/>
        <line num="15" count="9" type="stmt"/>
        <line num="16" count="9" type="stmt"/>
      </file>
      <file name="typeSlice.tsx" path="C:\Users\user\FD3-Halavach\react-store\src\slices\typeSlice.tsx">
        <metrics statements="6" coveredstatements="4" conditionals="0" coveredconditionals="0" methods="1" coveredmethods="0"/>
        <line num="1" count="9" type="stmt"/>
        <line num="5" count="9" type="stmt"/>
        <line num="11" count="0" type="stmt"/>
        <line num="12" count="0" type="stmt"/>
        <line num="17" count="9" type="stmt"/>
        <line num="18" count="9" type="stmt"/>
      </file>
    </package>
  </project>
</coverage>
