{"C:\\Users\\user\\FD3-Halavach\\react-store\\src\\App.tsx": {"path":"C:\\Users\\user\\FD3-Halavach\\react-store\\src\\App.tsx","statementMap":{"0":{"start":{"line":1,"column":0},"end":{"line":1,"column":22}},"1":{"start":{"line":2,"column":0},"end":{"line":2,"column":60}},"2":{"start":{"line":3,"column":0},"end":{"line":3,"column":41}},"3":{"start":{"line":4,"column":0},"end":{"line":4,"column":41}},"4":{"start":{"line":5,"column":0},"end":{"line":5,"column":37}},"5":{"start":{"line":6,"column":0},"end":{"line":6,"column":40}},"6":{"start":{"line":7,"column":0},"end":{"line":7,"column":43}},"7":{"start":{"line":8,"column":14},"end":{"line":8,"column":54}},"8":{"start":{"line":8,"column":25},"end":{"line":8,"column":53}},"9":{"start":{"line":9,"column":15},"end":{"line":9,"column":56}},"10":{"start":{"line":9,"column":26},"end":{"line":9,"column":55}},"11":{"start":{"line":13,"column":22},"end":{"line":13,"column":25}},"12":{"start":{"line":14,"column":8},"end":{"line":16,"column":4}},"13":{"start":{"line":14,"column":16},"end":{"line":14,"column":18}},"14":{"start":{"line":14,"column":28},"end":{"line":14,"column":32}},"15":{"start":{"line":18,"column":2},"end":{"line":28,"column":9}},"16":{"start":{"line":20,"column":6},"end":{"line":20,"column":28}},"17":{"start":{"line":22,"column":4},"end":{"line":24,"column":39}},"18":{"start":{"line":25,"column":4},"end":{"line":27,"column":6}},"19":{"start":{"line":26,"column":6},"end":{"line":26,"column":48}},"20":{"start":{"line":36,"column":2},"end":{"line":98,"column":4}},"21":{"start":{"line":101,"column":0},"end":{"line":101,"column":19}}},"fnMap":{"0":{"name":"(anonymous_10)","decl":{"start":{"line":8,"column":19},"end":{"line":8,"column":25}},"loc":{"start":{"line":8,"column":19},"end":{"line":8,"column":32}}},"1":{"name":"(anonymous_11)","decl":{"start":{"line":8,"column":25},"end":{"line":8,"column":32}},"loc":{"start":{"line":8,"column":25},"end":{"line":8,"column":53}}},"2":{"name":"(anonymous_12)","decl":{"start":{"line":9,"column":20},"end":{"line":9,"column":26}},"loc":{"start":{"line":9,"column":20},"end":{"line":9,"column":33}}},"3":{"name":"(anonymous_13)","decl":{"start":{"line":9,"column":26},"end":{"line":9,"column":33}},"loc":{"start":{"line":9,"column":26},"end":{"line":9,"column":55}}},"4":{"name":"App","decl":{"start":{"line":11,"column":9},"end":{"line":11,"column":12}},"loc":{"start":{"line":11,"column":12},"end":{"line":99,"column":1}}},"5":{"name":"(anonymous_15)","decl":{"start":{"line":18,"column":12},"end":{"line":18,"column":null}},"loc":{"start":{"line":18,"column":12},"end":{"line":28,"column":3}}},"6":{"name":"set","decl":{"start":{"line":19,"column":13},"end":{"line":19,"column":16}},"loc":{"start":{"line":19,"column":23},"end":{"line":21,"column":5}}},"7":{"name":"cleanup","decl":{"start":{"line":25,"column":20},"end":{"line":25,"column":27}},"loc":{"start":{"line":25,"column":27},"end":{"line":27,"column":5}}}},"branchMap":{"0":{"loc":{"start":{"line":43,"column":14},"end":{"line":43,"column":76}},"type":"cond-expr","locations":[{"start":{"line":43,"column":24},"end":{"line":43,"column":49}},{"start":{"line":43,"column":52},"end":{"line":43,"column":76}}]},"1":{"loc":{"start":{"line":50,"column":14},"end":{"line":50,"column":70}},"type":"cond-expr","locations":[{"start":{"line":50,"column":24},"end":{"line":50,"column":46}},{"start":{"line":50,"column":49},"end":{"line":50,"column":70}}]},"2":{"loc":{"start":{"line":58,"column":14},"end":{"line":58,"column":74}},"type":"cond-expr","locations":[{"start":{"line":58,"column":24},"end":{"line":58,"column":48}},{"start":{"line":58,"column":51},"end":{"line":58,"column":74}}]},"3":{"loc":{"start":{"line":66,"column":14},"end":{"line":66,"column":74}},"type":"cond-expr","locations":[{"start":{"line":66,"column":24},"end":{"line":66,"column":48}},{"start":{"line":66,"column":51},"end":{"line":66,"column":74}}]},"4":{"loc":{"start":{"line":75,"column":33},"end":{"line":75,"column":73}},"type":"cond-expr","locations":[{"start":{"line":75,"column":43},"end":{"line":75,"column":53}},{"start":{"line":75,"column":56},"end":{"line":75,"column":73}}]},"5":{"loc":{"start":{"line":90,"column":39},"end":{"line":90,"column":62}},"type":"cond-expr","locations":[{"start":{"line":90,"column":49},"end":{"line":90,"column":51}},{"start":{"line":90,"column":54},"end":{"line":90,"column":62}}]}},"s":{"0":1,"1":1,"2":1,"3":1,"4":1,"5":1,"6":1,"7":1,"8":2,"9":1,"10":2,"11":3,"12":3,"13":3,"14":3,"15":3,"16":0,"17":1,"18":1,"19":1,"20":3,"21":1},"f":{"0":1,"1":1,"2":1,"3":1,"4":3,"5":1,"6":0,"7":1},"b":{"0":[0,3],"1":[0,3],"2":[0,3],"3":[0,3],"4":[0,3],"5":[0,3]}}
,"C:\\Users\\user\\FD3-Halavach\\react-store\\src\\util.tsx": {"path":"C:\\Users\\user\\FD3-Halavach\\react-store\\src\\util.tsx","statementMap":{"0":{"start":{"line":2,"column":2},"end":{"line":2,"column":76}},"1":{"start":{"line":2,"column":31},"end":{"line":2,"column":76}},"2":{"start":{"line":3,"column":2},"end":{"line":3,"column":59}},"3":{"start":{"line":1,"column":0},"end":{"line":1,"column":16}}},"fnMap":{"0":{"name":"formatMoney","decl":{"start":{"line":1,"column":16},"end":{"line":1,"column":27}},"loc":{"start":{"line":1,"column":48},"end":{"line":4,"column":1}}}},"branchMap":{"0":{"loc":{"start":{"line":2,"column":2},"end":{"line":2,"column":76}},"type":"if","locations":[{"start":{"line":2,"column":2},"end":{"line":2,"column":76}}]}},"s":{"0":82,"1":34,"2":48,"3":3},"f":{"0":82},"b":{"0":[34]}}
,"C:\\Users\\user\\FD3-Halavach\\react-store\\src\\components\\About.tsx": {"path":"C:\\Users\\user\\FD3-Halavach\\react-store\\src\\components\\About.tsx","statementMap":{"0":{"start":{"line":2,"column":2},"end":{"line":9,"column":4}},"1":{"start":{"line":1,"column":0},"end":{"line":1,"column":24}}},"fnMap":{"0":{"name":"About","decl":{"start":{"line":1,"column":24},"end":{"line":1,"column":29}},"loc":{"start":{"line":1,"column":29},"end":{"line":10,"column":1}}}},"branchMap":{},"s":{"0":2,"1":1},"f":{"0":2},"b":{}}
,"C:\\Users\\user\\FD3-Halavach\\react-store\\src\\components\\AddToCartButton.tsx": {"path":"C:\\Users\\user\\FD3-Halavach\\react-store\\src\\components\\AddToCartButton.tsx","statementMap":{"0":{"start":{"line":1,"column":0},"end":{"line":1,"column":58}},"1":{"start":{"line":3,"column":0},"end":{"line":3,"column":42}},"2":{"start":{"line":9,"column":27},"end":{"line":9,"column":33}},"3":{"start":{"line":10,"column":8},"end":{"line":10,"column":46}},"4":{"start":{"line":10,"column":15},"end":{"line":10,"column":17}},"5":{"start":{"line":10,"column":26},"end":{"line":10,"column":30}},"6":{"start":{"line":11,"column":23},"end":{"line":11,"column":76}},"7":{"start":{"line":11,"column":57},"end":{"line":11,"column":76}},"8":{"start":{"line":12,"column":24},"end":{"line":14,"column":3}},"9":{"start":{"line":13,"column":4},"end":{"line":13,"column":78}},"10":{"start":{"line":13,"column":50},"end":{"line":13,"column":70}},"11":{"start":{"line":16,"column":2},"end":{"line":18,"column":21}},"12":{"start":{"line":17,"column":4},"end":{"line":17,"column":38}},"13":{"start":{"line":20,"column":2},"end":{"line":30,"column":4}},"14":{"start":{"line":25,"column":21},"end":{"line":25,"column":null}},"15":{"start":{"line":5,"column":0},"end":{"line":5,"column":24}}},"fnMap":{"0":{"name":"AddToCartButton","decl":{"start":{"line":5,"column":24},"end":{"line":5,"column":39}},"loc":{"start":{"line":8,"column":1},"end":{"line":31,"column":1}}},"1":{"name":"(anonymous_4)","decl":{"start":{"line":11,"column":35},"end":{"line":11,"column":36}},"loc":{"start":{"line":11,"column":52},"end":{"line":11,"column":62}}},"2":{"name":"(anonymous_5)","decl":{"start":{"line":12,"column":24},"end":{"line":12,"column":25}},"loc":{"start":{"line":12,"column":41},"end":{"line":14,"column":3}}},"3":{"name":"(anonymous_6)","decl":{"start":{"line":13,"column":34},"end":{"line":13,"column":35}},"loc":{"start":{"line":13,"column":45},"end":{"line":13,"column":51}}},"4":{"name":"(anonymous_7)","decl":{"start":{"line":16,"column":12},"end":{"line":16,"column":null}},"loc":{"start":{"line":16,"column":12},"end":{"line":18,"column":3}}},"5":{"name":"(anonymous_8)","decl":{"start":{"line":25,"column":15},"end":{"line":25,"column":21}},"loc":{"start":{"line":25,"column":15},"end":{"line":25,"column":24}}}},"branchMap":{"0":{"loc":{"start":{"line":23,"column":8},"end":{"line":23,"column":62}},"type":"cond-expr","locations":[{"start":{"line":23,"column":17},"end":{"line":23,"column":40}},{"start":{"line":23,"column":43},"end":{"line":23,"column":62}}]},"1":{"loc":{"start":{"line":28,"column":7},"end":{"line":28,"column":49}},"type":"cond-expr","locations":[{"start":{"line":28,"column":16},"end":{"line":28,"column":33}},{"start":{"line":28,"column":36},"end":{"line":28,"column":49}}]}},"s":{"0":3,"1":3,"2":208,"3":104,"4":104,"5":104,"6":104,"7":124,"8":104,"9":43,"10":0,"11":104,"12":43,"13":104,"14":0,"15":3},"f":{"0":104,"1":124,"2":43,"3":0,"4":43,"5":0},"b":{"0":[0,104],"1":[0,104]}}
,"C:\\Users\\user\\FD3-Halavach\\react-store\\src\\components\\AppPagination.tsx": {"path":"C:\\Users\\user\\FD3-Halavach\\react-store\\src\\components\\AppPagination.tsx","statementMap":{"0":{"start":{"line":1,"column":0},"end":{"line":1,"column":64}},"1":{"start":{"line":2,"column":0},"end":{"line":2,"column":50}},"2":{"start":{"line":3,"column":0},"end":{"line":3,"column":36}},"3":{"start":{"line":4,"column":0},"end":{"line":4,"column":42}},"4":{"start":{"line":5,"column":0},"end":{"line":5,"column":65}},"5":{"start":{"line":11,"column":20},"end":{"line":11,"column":22}},"6":{"start":{"line":12,"column":35},"end":{"line":12,"column":41}},"7":{"start":{"line":13,"column":8},"end":{"line":13,"column":75}},"8":{"start":{"line":13,"column":18},"end":{"line":13,"column":20}},"9":{"start":{"line":13,"column":32},"end":{"line":13,"column":36}},"10":{"start":{"line":14,"column":8},"end":{"line":14,"column":52}},"11":{"start":{"line":14,"column":19},"end":{"line":14,"column":21}},"12":{"start":{"line":14,"column":34},"end":{"line":14,"column":38}},"13":{"start":{"line":16,"column":19},"end":{"line":16,"column":68}},"14":{"start":{"line":16,"column":53},"end":{"line":16,"column":68}},"15":{"start":{"line":17,"column":25},"end":{"line":18,"column":null}},"16":{"start":{"line":18,"column":26},"end":{"line":18,"column":null}},"17":{"start":{"line":21,"column":2},"end":{"line":30,"column":46}},"18":{"start":{"line":22,"column":4},"end":{"line":22,"column":54}},"19":{"start":{"line":23,"column":19},"end":{"line":23,"column":43}},"20":{"start":{"line":24,"column":4},"end":{"line":29,"column":6}},"21":{"start":{"line":32,"column":27},"end":{"line":34,"column":3}},"22":{"start":{"line":33,"column":4},"end":{"line":33,"column":34}},"23":{"start":{"line":36,"column":2},"end":{"line":52,"column":4}},"24":{"start":{"line":8,"column":0},"end":{"line":8,"column":24}}},"fnMap":{"0":{"name":"AppPagination","decl":{"start":{"line":8,"column":24},"end":{"line":8,"column":37}},"loc":{"start":{"line":10,"column":1},"end":{"line":53,"column":1}}},"1":{"name":"(anonymous_4)","decl":{"start":{"line":16,"column":31},"end":{"line":16,"column":32}},"loc":{"start":{"line":16,"column":48},"end":{"line":16,"column":58}}},"2":{"name":"(anonymous_5)","decl":{"start":{"line":18,"column":4},"end":{"line":18,"column":5}},"loc":{"start":{"line":18,"column":21},"end":{"line":18,"column":31}}},"3":{"name":"(anonymous_6)","decl":{"start":{"line":21,"column":12},"end":{"line":21,"column":null}},"loc":{"start":{"line":21,"column":12},"end":{"line":30,"column":3}}},"4":{"name":"(anonymous_7)","decl":{"start":{"line":32,"column":27},"end":{"line":32,"column":28}},"loc":{"start":{"line":32,"column":69},"end":{"line":34,"column":3}}}},"branchMap":{},"s":{"0":2,"1":2,"2":2,"3":2,"4":2,"5":56,"6":56,"7":56,"8":56,"9":56,"10":56,"11":56,"12":56,"13":56,"14":78,"15":56,"16":76,"17":56,"18":32,"19":32,"20":32,"21":56,"22":0,"23":56,"24":2},"f":{"0":56,"1":78,"2":76,"3":32,"4":0},"b":{}}
,"C:\\Users\\user\\FD3-Halavach\\react-store\\src\\components\\Cart.tsx": {"path":"C:\\Users\\user\\FD3-Halavach\\react-store\\src\\components\\Cart.tsx","statementMap":{"0":{"start":{"line":1,"column":0},"end":{"line":1,"column":44}},"1":{"start":{"line":2,"column":0},"end":{"line":2,"column":44}},"2":{"start":{"line":4,"column":0},"end":{"line":4,"column":38}},"3":{"start":{"line":5,"column":0},"end":{"line":5,"column":42}},"4":{"start":{"line":6,"column":0},"end":{"line":6,"column":55}},"5":{"start":{"line":7,"column":0},"end":{"line":7,"column":62}},"6":{"start":{"line":10,"column":19},"end":{"line":10,"column":32}},"7":{"start":{"line":11,"column":23},"end":{"line":11,"column":76}},"8":{"start":{"line":11,"column":57},"end":{"line":11,"column":76}},"9":{"start":{"line":13,"column":8},"end":{"line":13,"column":66}},"10":{"start":{"line":13,"column":25},"end":{"line":13,"column":27}},"11":{"start":{"line":13,"column":46},"end":{"line":13,"column":50}},"12":{"start":{"line":14,"column":8},"end":{"line":14,"column":74}},"13":{"start":{"line":14,"column":24},"end":{"line":14,"column":26}},"14":{"start":{"line":14,"column":44},"end":{"line":14,"column":48}},"15":{"start":{"line":22,"column":17},"end":{"line":28,"column":3}},"16":{"start":{"line":23,"column":26},"end":{"line":24,"column":null}},"17":{"start":{"line":24,"column":16},"end":{"line":24,"column":null}},"18":{"start":{"line":26,"column":4},"end":{"line":26,"column":47}},"19":{"start":{"line":27,"column":4},"end":{"line":27,"column":74}},"20":{"start":{"line":30,"column":2},"end":{"line":32,"column":24}},"21":{"start":{"line":31,"column":4},"end":{"line":31,"column":44}},"22":{"start":{"line":34,"column":2},"end":{"line":36,"column":21}},"23":{"start":{"line":35,"column":4},"end":{"line":35,"column":62}},"24":{"start":{"line":35,"column":35},"end":{"line":35,"column":62}},"25":{"start":{"line":38,"column":2},"end":{"line":113,"column":4}},"26":{"start":{"line":54,"column":16},"end":{"line":87,"column":18}},"27":{"start":{"line":75,"column":28},"end":{"line":75,"column":59}},"28":{"start":{"line":76,"column":28},"end":{"line":79,"column":37}},"29":{"start":{"line":77,"column":30},"end":{"line":77,"column":46}},"30":{"start":{"line":78,"column":30},"end":{"line":78,"column":55}},"31":{"start":{"line":96,"column":18},"end":{"line":96,"column":null}},"32":{"start":{"line":103,"column":27},"end":{"line":103,"column":null}},"33":{"start":{"line":9,"column":0},"end":{"line":9,"column":24}}},"fnMap":{"0":{"name":"Cart","decl":{"start":{"line":9,"column":24},"end":{"line":9,"column":28}},"loc":{"start":{"line":9,"column":28},"end":{"line":114,"column":1}}},"1":{"name":"(anonymous_6)","decl":{"start":{"line":11,"column":35},"end":{"line":11,"column":36}},"loc":{"start":{"line":11,"column":52},"end":{"line":11,"column":62}}},"2":{"name":"(anonymous_7)","decl":{"start":{"line":22,"column":17},"end":{"line":22,"column":18}},"loc":{"start":{"line":22,"column":34},"end":{"line":28,"column":3}}},"3":{"name":"(anonymous_8)","decl":{"start":{"line":24,"column":6},"end":{"line":24,"column":7}},"loc":{"start":{"line":24,"column":11},"end":{"line":24,"column":20}}},"4":{"name":"(anonymous_9)","decl":{"start":{"line":30,"column":12},"end":{"line":30,"column":null}},"loc":{"start":{"line":30,"column":12},"end":{"line":32,"column":3}}},"5":{"name":"(anonymous_10)","decl":{"start":{"line":34,"column":12},"end":{"line":34,"column":null}},"loc":{"start":{"line":34,"column":12},"end":{"line":36,"column":3}}},"6":{"name":"(anonymous_11)","decl":{"start":{"line":53,"column":32},"end":{"line":53,"column":33}},"loc":{"start":{"line":53,"column":49},"end":{"line":88,"column":15}}},"7":{"name":"(anonymous_12)","decl":{"start":{"line":74,"column":35},"end":{"line":74,"column":null}},"loc":{"start":{"line":74,"column":35},"end":{"line":80,"column":27}}},"8":{"name":"(anonymous_13)","decl":{"start":{"line":76,"column":39},"end":{"line":76,"column":null}},"loc":{"start":{"line":76,"column":39},"end":{"line":79,"column":29}}},"9":{"name":"(anonymous_14)","decl":{"start":{"line":95,"column":16},"end":{"line":95,"column":17}},"loc":{"start":{"line":95,"column":43},"end":{"line":96,"column":21}}},"10":{"name":"(anonymous_15)","decl":{"start":{"line":103,"column":21},"end":{"line":103,"column":27}},"loc":{"start":{"line":103,"column":21},"end":{"line":103,"column":46}}}},"branchMap":{"0":{"loc":{"start":{"line":35,"column":4},"end":{"line":35,"column":62}},"type":"if","locations":[{"start":{"line":35,"column":4},"end":{"line":35,"column":62}}]},"1":{"loc":{"start":{"line":41,"column":9},"end":{"line":46,"column":null}},"type":"cond-expr","locations":[{"start":{"line":42,"column":10},"end":{"line":42,"column":55}},{"start":{"line":44,"column":10},"end":{"line":45,"column":null}}]},"2":{"loc":{"start":{"line":49,"column":7},"end":{"line":107,"column":null}},"type":"binary-expr","locations":[{"start":{"line":49,"column":7},"end":{"line":49,"column":30}},{"start":{"line":50,"column":8},"end":{"line":106,"column":null}}]},"3":{"loc":{"start":{"line":58,"column":24},"end":{"line":58,"column":71}},"type":"cond-expr","locations":[{"start":{"line":58,"column":56},"end":{"line":58,"column":66}},{"start":{"line":58,"column":69},"end":{"line":58,"column":71}}]},"4":{"loc":{"start":{"line":70,"column":26},"end":{"line":70,"column":40}},"type":"cond-expr","locations":[{"start":{"line":70,"column":33},"end":{"line":70,"column":35}},{"start":{"line":70,"column":26},"end":{"line":70,"column":40}}]},"5":{"loc":{"start":{"line":70,"column":26},"end":{"line":70,"column":35}},"type":"binary-expr","locations":[{"start":{"line":70,"column":26},"end":{"line":70,"column":35}},{"start":{"line":70,"column":26},"end":{"line":70,"column":35}}]},"6":{"loc":{"start":{"line":96,"column":31},"end":{"line":96,"column":42}},"type":"cond-expr","locations":[{"start":{"line":96,"column":35},"end":{"line":96,"column":37}},{"start":{"line":96,"column":31},"end":{"line":96,"column":42}}]},"7":{"loc":{"start":{"line":96,"column":31},"end":{"line":96,"column":37}},"type":"binary-expr","locations":[{"start":{"line":96,"column":31},"end":{"line":96,"column":37}},{"start":{"line":96,"column":31},"end":{"line":96,"column":37}}]},"8":{"loc":{"start":{"line":109,"column":7},"end":{"line":110,"column":null}},"type":"binary-expr","locations":[{"start":{"line":109,"column":7},"end":{"line":109,"column":23}},{"start":{"line":110,"column":8},"end":{"line":110,"column":66}}]}},"s":{"0":2,"1":2,"2":2,"3":2,"4":2,"5":2,"6":5,"7":5,"8":7,"9":5,"10":5,"11":5,"12":5,"13":5,"14":5,"15":5,"16":0,"17":0,"18":0,"19":0,"20":5,"21":2,"22":5,"23":2,"24":2,"25":5,"26":0,"27":0,"28":0,"29":0,"30":0,"31":0,"32":0,"33":2},"f":{"0":5,"1":7,"2":0,"3":0,"4":2,"5":2,"6":0,"7":0,"8":0,"9":0,"10":0},"b":{"0":[2],"1":[5,0],"2":[5,0],"3":[0,0],"4":[0,0],"5":[0,0],"6":[0,0],"7":[0,0],"8":[5,0]}}
,"C:\\Users\\user\\FD3-Halavach\\react-store\\src\\components\\CheckoutForm.tsx": {"path":"C:\\Users\\user\\FD3-Halavach\\react-store\\src\\components\\CheckoutForm.tsx","statementMap":{"0":{"start":{"line":1,"column":0},"end":{"line":1,"column":26}},"1":{"start":{"line":2,"column":0},"end":{"line":2,"column":null}},"2":{"start":{"line":10,"column":0},"end":{"line":10,"column":55}},"3":{"start":{"line":11,"column":0},"end":{"line":11,"column":50}},"4":{"start":{"line":12,"column":0},"end":{"line":12,"column":62}},"5":{"start":{"line":13,"column":0},"end":{"line":13,"column":32}},"6":{"start":{"line":14,"column":0},"end":{"line":14,"column":44}},"7":{"start":{"line":15,"column":0},"end":{"line":15,"column":47}},"8":{"start":{"line":17,"column":0},"end":{"line":17,"column":24}},"9":{"start":{"line":20,"column":34},"end":{"line":20,"column":40}},"10":{"start":{"line":21,"column":8},"end":{"line":21,"column":39}},"11":{"start":{"line":21,"column":13},"end":{"line":21,"column":15}},"12":{"start":{"line":21,"column":22},"end":{"line":21,"column":26}},"13":{"start":{"line":22,"column":8},"end":{"line":22,"column":41}},"14":{"start":{"line":22,"column":14},"end":{"line":22,"column":16}},"15":{"start":{"line":22,"column":24},"end":{"line":22,"column":28}},"16":{"start":{"line":23,"column":8},"end":{"line":23,"column":45}},"17":{"start":{"line":23,"column":16},"end":{"line":23,"column":18}},"18":{"start":{"line":23,"column":28},"end":{"line":23,"column":32}},"19":{"start":{"line":24,"column":8},"end":{"line":24,"column":51}},"20":{"start":{"line":24,"column":19},"end":{"line":24,"column":21}},"21":{"start":{"line":24,"column":34},"end":{"line":24,"column":38}},"22":{"start":{"line":25,"column":8},"end":{"line":25,"column":49}},"23":{"start":{"line":25,"column":18},"end":{"line":25,"column":20}},"24":{"start":{"line":25,"column":32},"end":{"line":25,"column":36}},"25":{"start":{"line":26,"column":8},"end":{"line":26,"column":55}},"26":{"start":{"line":26,"column":21},"end":{"line":26,"column":23}},"27":{"start":{"line":26,"column":38},"end":{"line":26,"column":42}},"28":{"start":{"line":27,"column":8},"end":{"line":31,"column":5}},"29":{"start":{"line":27,"column":25},"end":{"line":27,"column":27}},"30":{"start":{"line":27,"column":46},"end":{"line":27,"column":50}},"31":{"start":{"line":32,"column":8},"end":{"line":32,"column":70}},"32":{"start":{"line":32,"column":27},"end":{"line":32,"column":29}},"33":{"start":{"line":32,"column":50},"end":{"line":32,"column":54}},"34":{"start":{"line":33,"column":19},"end":{"line":33,"column":32}},"35":{"start":{"line":34,"column":19},"end":{"line":34,"column":32}},"36":{"start":{"line":35,"column":23},"end":{"line":35,"column":76}},"37":{"start":{"line":35,"column":57},"end":{"line":35,"column":76}},"38":{"start":{"line":37,"column":21},"end":{"line":43,"column":4}},"39":{"start":{"line":45,"column":23},"end":{"line":52,"column":3}},"40":{"start":{"line":47,"column":6},"end":{"line":47,"column":85}},"41":{"start":{"line":48,"column":4},"end":{"line":51,"column":33}},"42":{"start":{"line":48,"column":15},"end":{"line":48,"column":37}},"43":{"start":{"line":49,"column":9},"end":{"line":51,"column":33}},"44":{"start":{"line":50,"column":6},"end":{"line":50,"column":23}},"45":{"start":{"line":51,"column":11},"end":{"line":51,"column":33}},"46":{"start":{"line":54,"column":24},"end":{"line":62,"column":3}},"47":{"start":{"line":55,"column":20},"end":{"line":55,"column":48}},"48":{"start":{"line":56,"column":23},"end":{"line":57,"column":null}},"49":{"start":{"line":59,"column":4},"end":{"line":61,"column":32}},"50":{"start":{"line":59,"column":16},"end":{"line":59,"column":39}},"51":{"start":{"line":60,"column":9},"end":{"line":61,"column":32}},"52":{"start":{"line":60,"column":38},"end":{"line":60,"column":56}},"53":{"start":{"line":61,"column":9},"end":{"line":61,"column":32}},"54":{"start":{"line":64,"column":26},"end":{"line":71,"column":3}},"55":{"start":{"line":65,"column":20},"end":{"line":65,"column":51}},"56":{"start":{"line":66,"column":25},"end":{"line":66,"column":59}},"57":{"start":{"line":67,"column":4},"end":{"line":70,"column":34}},"58":{"start":{"line":67,"column":18},"end":{"line":67,"column":43}},"59":{"start":{"line":68,"column":9},"end":{"line":70,"column":34}},"60":{"start":{"line":69,"column":6},"end":{"line":69,"column":26}},"61":{"start":{"line":70,"column":9},"end":{"line":70,"column":34}},"62":{"start":{"line":73,"column":31},"end":{"line":84,"column":3}},"63":{"start":{"line":74,"column":4},"end":{"line":83,"column":null}},"64":{"start":{"line":75,"column":53},"end":{"line":75,"column":66}},"65":{"start":{"line":80,"column":6},"end":{"line":80,"column":18}},"66":{"start":{"line":82,"column":6},"end":{"line":82,"column":19}},"67":{"start":{"line":86,"column":20},"end":{"line":101,"column":4}},"68":{"start":{"line":91,"column":3},"end":{"line":101,"column":4}},"69":{"start":{"line":92,"column":4},"end":{"line":92,"column":30}},"70":{"start":{"line":95,"column":6},"end":{"line":97,"column":9}},"71":{"start":{"line":96,"column":8},"end":{"line":96,"column":52}},"72":{"start":{"line":99,"column":6},"end":{"line":99,"column":27}},"73":{"start":{"line":103,"column":27},"end":{"line":108,"column":3}},"74":{"start":{"line":104,"column":4},"end":{"line":104,"column":34}},"75":{"start":{"line":105,"column":4},"end":{"line":105,"column":45}},"76":{"start":{"line":106,"column":4},"end":{"line":106,"column":31}},"77":{"start":{"line":107,"column":4},"end":{"line":107,"column":33}},"78":{"start":{"line":109,"column":2},"end":{"line":242,"column":4}},"79":{"start":{"line":123,"column":16},"end":{"line":123,"column":41}},"80":{"start":{"line":124,"column":16},"end":{"line":124,"column":46}},"81":{"start":{"line":125,"column":16},"end":{"line":125,"column":74}},"82":{"start":{"line":144,"column":16},"end":{"line":144,"column":40}},"83":{"start":{"line":145,"column":16},"end":{"line":145,"column":45}},"84":{"start":{"line":146,"column":16},"end":{"line":146,"column":73}},"85":{"start":{"line":165,"column":16},"end":{"line":165,"column":43}},"86":{"start":{"line":166,"column":16},"end":{"line":166,"column":48}},"87":{"start":{"line":167,"column":16},"end":{"line":167,"column":76}},"88":{"start":{"line":183,"column":56},"end":{"line":196,"column":null}},"89":{"start":{"line":184,"column":16},"end":{"line":184,"column":35}},"90":{"start":{"line":185,"column":20},"end":{"line":185,"column":40}},"91":{"start":{"line":186,"column":18},"end":{"line":191,"column":21}},"92":{"start":{"line":193,"column":16},"end":{"line":193,"column":44}},"93":{"start":{"line":229,"column":22},"end":{"line":229,"column":46}},"94":{"start":{"line":230,"column":22},"end":{"line":230,"column":41}}},"fnMap":{"0":{"name":"CheckoutForm","decl":{"start":{"line":17,"column":24},"end":{"line":17,"column":36}},"loc":{"start":{"line":19,"column":1},"end":{"line":243,"column":1}}},"1":{"name":"(anonymous_18)","decl":{"start":{"line":35,"column":35},"end":{"line":35,"column":36}},"loc":{"start":{"line":35,"column":52},"end":{"line":35,"column":62}}},"2":{"name":"(anonymous_19)","decl":{"start":{"line":45,"column":23},"end":{"line":45,"column":24}},"loc":{"start":{"line":45,"column":36},"end":{"line":52,"column":3}}},"3":{"name":"(anonymous_20)","decl":{"start":{"line":54,"column":24},"end":{"line":54,"column":25}},"loc":{"start":{"line":54,"column":38},"end":{"line":62,"column":3}}},"4":{"name":"(anonymous_21)","decl":{"start":{"line":64,"column":26},"end":{"line":64,"column":27}},"loc":{"start":{"line":64,"column":42},"end":{"line":71,"column":3}}},"5":{"name":"(anonymous_22)","decl":{"start":{"line":73,"column":31},"end":{"line":73,"column":null}},"loc":{"start":{"line":73,"column":31},"end":{"line":84,"column":3}}},"6":{"name":"(anonymous_23)","decl":{"start":{"line":75,"column":44},"end":{"line":75,"column":45}},"loc":{"start":{"line":75,"column":48},"end":{"line":75,"column":56}}},"7":{"name":"(anonymous_24)","decl":{"start":{"line":86,"column":20},"end":{"line":86,"column":27}},"loc":{"start":{"line":91,"column":3},"end":{"line":101,"column":4}}},"8":{"name":"(anonymous_25)","decl":{"start":{"line":91,"column":3},"end":{"line":91,"column":null}},"loc":{"start":{"line":91,"column":3},"end":{"line":101,"column":4}}},"9":{"name":"(anonymous_27)","decl":{"start":{"line":95,"column":50},"end":{"line":95,"column":51}},"loc":{"start":{"line":95,"column":59},"end":{"line":97,"column":7}}},"10":{"name":"(anonymous_28)","decl":{"start":{"line":103,"column":27},"end":{"line":103,"column":null}},"loc":{"start":{"line":103,"column":27},"end":{"line":108,"column":3}}},"11":{"name":"(anonymous_29)","decl":{"start":{"line":122,"column":24},"end":{"line":122,"column":25}},"loc":{"start":{"line":122,"column":57},"end":{"line":126,"column":15}}},"12":{"name":"(anonymous_30)","decl":{"start":{"line":143,"column":24},"end":{"line":143,"column":25}},"loc":{"start":{"line":143,"column":57},"end":{"line":147,"column":15}}},"13":{"name":"(anonymous_31)","decl":{"start":{"line":164,"column":24},"end":{"line":164,"column":25}},"loc":{"start":{"line":164,"column":57},"end":{"line":168,"column":15}}},"14":{"name":"(anonymous_32)","decl":{"start":{"line":183,"column":23},"end":{"line":183,"column":30}},"loc":{"start":{"line":183,"column":56},"end":{"line":196,"column":null}}},"15":{"name":"(anonymous_33)","decl":{"start":{"line":183,"column":56},"end":{"line":183,"column":null}},"loc":{"start":{"line":183,"column":56},"end":{"line":196,"column":null}}},"16":{"name":"(anonymous_35)","decl":{"start":{"line":228,"column":29},"end":{"line":228,"column":null}},"loc":{"start":{"line":228,"column":29},"end":{"line":231,"column":21}}}},"branchMap":{"0":{"loc":{"start":{"line":48,"column":4},"end":{"line":51,"column":33}},"type":"if","locations":[{"start":{"line":48,"column":4},"end":{"line":51,"column":33}},{"start":{"line":49,"column":9},"end":{"line":51,"column":33}}]},"1":{"loc":{"start":{"line":49,"column":9},"end":{"line":51,"column":33}},"type":"if","locations":[{"start":{"line":49,"column":9},"end":{"line":51,"column":33}},{"start":{"line":51,"column":11},"end":{"line":51,"column":33}}]},"2":{"loc":{"start":{"line":49,"column":13},"end":{"line":49,"column":51}},"type":"binary-expr","locations":[{"start":{"line":49,"column":13},"end":{"line":49,"column":29}},{"start":{"line":49,"column":33},"end":{"line":49,"column":51}}]},"3":{"loc":{"start":{"line":59,"column":4},"end":{"line":61,"column":32}},"type":"if","locations":[{"start":{"line":59,"column":4},"end":{"line":61,"column":32}},{"start":{"line":60,"column":9},"end":{"line":61,"column":32}}]},"4":{"loc":{"start":{"line":60,"column":9},"end":{"line":61,"column":32}},"type":"if","locations":[{"start":{"line":60,"column":9},"end":{"line":61,"column":32}},{"start":{"line":61,"column":9},"end":{"line":61,"column":32}}]},"5":{"loc":{"start":{"line":67,"column":4},"end":{"line":70,"column":34}},"type":"if","locations":[{"start":{"line":67,"column":4},"end":{"line":70,"column":34}},{"start":{"line":68,"column":9},"end":{"line":70,"column":34}}]},"6":{"loc":{"start":{"line":68,"column":9},"end":{"line":70,"column":34}},"type":"if","locations":[{"start":{"line":68,"column":9},"end":{"line":70,"column":34}},{"start":{"line":70,"column":9},"end":{"line":70,"column":34}}]},"7":{"loc":{"start":{"line":68,"column":13},"end":{"line":68,"column":63}},"type":"binary-expr","locations":[{"start":{"line":68,"column":13},"end":{"line":68,"column":40}},{"start":{"line":68,"column":44},"end":{"line":68,"column":63}}]},"8":{"loc":{"start":{"line":74,"column":4},"end":{"line":83,"column":null}},"type":"if","locations":[{"start":{"line":74,"column":4},"end":{"line":83,"column":null}},{"start":{"line":81,"column":11},"end":{"line":83,"column":null}}]},"9":{"loc":{"start":{"line":75,"column":6},"end":{"line":78,"column":19}},"type":"binary-expr","locations":[{"start":{"line":75,"column":6},"end":{"line":75,"column":66}},{"start":{"line":76,"column":6},"end":{"line":76,"column":16}},{"start":{"line":77,"column":6},"end":{"line":77,"column":17}},{"start":{"line":78,"column":6},"end":{"line":78,"column":19}}]},"10":{"loc":{"start":{"line":180,"column":16},"end":{"line":180,"column":56}},"type":"cond-expr","locations":[{"start":{"line":180,"column":41},"end":{"line":180,"column":43}},{"start":{"line":180,"column":46},"end":{"line":180,"column":56}}]},"11":{"loc":{"start":{"line":185,"column":20},"end":{"line":185,"column":40}},"type":"if","locations":[{"start":{"line":185,"column":20},"end":{"line":185,"column":40}}]},"12":{"loc":{"start":{"line":205,"column":9},"end":{"line":238,"column":null}},"type":"binary-expr","locations":[{"start":{"line":205,"column":9},"end":{"line":205,"column":27}},{"start":{"line":206,"column":10},"end":{"line":237,"column":null}}]}},"s":{"0":3,"1":3,"2":3,"3":3,"4":3,"5":3,"6":3,"7":3,"8":67,"9":64,"10":64,"11":64,"12":64,"13":64,"14":64,"15":64,"16":64,"17":64,"18":64,"19":64,"20":64,"21":64,"22":64,"23":64,"24":64,"25":64,"26":64,"27":64,"28":64,"29":64,"30":64,"31":64,"32":64,"33":64,"34":64,"35":64,"36":64,"37":64,"38":64,"39":64,"40":10,"41":10,"42":0,"43":10,"44":6,"45":4,"46":64,"47":19,"48":19,"49":19,"50":0,"51":19,"52":3,"53":16,"54":64,"55":25,"56":25,"57":25,"58":0,"59":25,"60":19,"61":6,"62":64,"63":64,"64":149,"65":19,"66":45,"67":64,"68":0,"69":0,"70":0,"71":0,"72":0,"73":64,"74":0,"75":0,"76":0,"77":0,"78":64,"79":19,"80":19,"81":19,"82":10,"83":10,"84":10,"85":25,"86":25,"87":25,"88":0,"89":0,"90":0,"91":0,"92":0,"93":0,"94":0},"f":{"0":64,"1":64,"2":10,"3":19,"4":25,"5":64,"6":149,"7":0,"8":0,"9":0,"10":0,"11":19,"12":10,"13":25,"14":0,"15":0,"16":0},"b":{"0":[0,10],"1":[6,4],"2":[10,6],"3":[0,19],"4":[3,16],"5":[0,25],"6":[19,6],"7":[25,25],"8":[19,45],"9":[64,24,23,23],"10":[19,45],"11":[0],"12":[64,0]}}
,"C:\\Users\\user\\FD3-Halavach\\react-store\\src\\components\\Filter.tsx": {"path":"C:\\Users\\user\\FD3-Halavach\\react-store\\src\\components\\Filter.tsx","statementMap":{"0":{"start":{"line":2,"column":0},"end":{"line":2,"column":65}},"1":{"start":{"line":5,"column":8},"end":{"line":5,"column":80}},"2":{"start":{"line":5,"column":20},"end":{"line":5,"column":22}},"3":{"start":{"line":5,"column":36},"end":{"line":5,"column":40}},"4":{"start":{"line":6,"column":8},"end":{"line":6,"column":74}},"5":{"start":{"line":6,"column":18},"end":{"line":6,"column":20}},"6":{"start":{"line":6,"column":32},"end":{"line":6,"column":36}},"7":{"start":{"line":8,"column":2},"end":{"line":41,"column":4}},"8":{"start":{"line":14,"column":27},"end":{"line":14,"column":null}},"9":{"start":{"line":29,"column":12},"end":{"line":29,"column":null}},"10":{"start":{"line":4,"column":0},"end":{"line":4,"column":24}}},"fnMap":{"0":{"name":"Filter","decl":{"start":{"line":4,"column":24},"end":{"line":4,"column":30}},"loc":{"start":{"line":4,"column":30},"end":{"line":42,"column":1}}},"1":{"name":"(anonymous_5)","decl":{"start":{"line":14,"column":20},"end":{"line":14,"column":21}},"loc":{"start":{"line":14,"column":22},"end":{"line":14,"column":39}}},"2":{"name":"(anonymous_6)","decl":{"start":{"line":28,"column":20},"end":{"line":28,"column":21}},"loc":{"start":{"line":28,"column":54},"end":{"line":29,"column":26}}}},"branchMap":{},"s":{"0":2,"1":7,"2":7,"3":7,"4":7,"5":7,"6":7,"7":7,"8":0,"9":1,"10":2},"f":{"0":7,"1":0,"2":1},"b":{}}
,"C:\\Users\\user\\FD3-Halavach\\react-store\\src\\components\\Footer.tsx": {"path":"C:\\Users\\user\\FD3-Halavach\\react-store\\src\\components\\Footer.tsx","statementMap":{"0":{"start":{"line":4,"column":2},"end":{"line":4,"column":31}},"1":{"start":{"line":3,"column":0},"end":{"line":3,"column":24}}},"fnMap":{"0":{"name":"Footer","decl":{"start":{"line":3,"column":24},"end":{"line":3,"column":30}},"loc":{"start":{"line":3,"column":30},"end":{"line":5,"column":1}}}},"branchMap":{},"s":{"0":2,"1":1},"f":{"0":2},"b":{}}
,"C:\\Users\\user\\FD3-Halavach\\react-store\\src\\components\\OrderListContainer.tsx": {"path":"C:\\Users\\user\\FD3-Halavach\\react-store\\src\\components\\OrderListContainer.tsx","statementMap":{"0":{"start":{"line":4,"column":20},"end":{"line":4,"column":26}},"1":{"start":{"line":5,"column":2},"end":{"line":22,"column":4}},"2":{"start":{"line":13,"column":12},"end":{"line":17,"column":14}},"3":{"start":{"line":3,"column":0},"end":{"line":3,"column":24}}},"fnMap":{"0":{"name":"OrderListContainer","decl":{"start":{"line":3,"column":24},"end":{"line":3,"column":42}},"loc":{"start":{"line":3,"column":72},"end":{"line":23,"column":1}}},"1":{"name":"(anonymous_3)","decl":{"start":{"line":12,"column":37},"end":{"line":12,"column":38}},"loc":{"start":{"line":12,"column":48},"end":{"line":18,"column":11}}}},"branchMap":{},"s":{"0":2,"1":2,"2":4,"3":2},"f":{"0":2,"1":4},"b":{}}
,"C:\\Users\\user\\FD3-Halavach\\react-store\\src\\components\\OrdersList.tsx": {"path":"C:\\Users\\user\\FD3-Halavach\\react-store\\src\\components\\OrdersList.tsx","statementMap":{"0":{"start":{"line":1,"column":0},"end":{"line":1,"column":44}},"1":{"start":{"line":3,"column":0},"end":{"line":3,"column":26}},"2":{"start":{"line":4,"column":0},"end":{"line":4,"column":54}},"3":{"start":{"line":6,"column":0},"end":{"line":6,"column":24}},"4":{"start":{"line":7,"column":8},"end":{"line":7,"column":58}},"5":{"start":{"line":7,"column":15},"end":{"line":7,"column":17}},"6":{"start":{"line":7,"column":26},"end":{"line":7,"column":30}},"7":{"start":{"line":8,"column":8},"end":{"line":8,"column":58}},"8":{"start":{"line":8,"column":21},"end":{"line":8,"column":23}},"9":{"start":{"line":8,"column":38},"end":{"line":8,"column":42}},"10":{"start":{"line":10,"column":22},"end":{"line":17,"column":4}},"11":{"start":{"line":18,"column":21},"end":{"line":26,"column":4}},"12":{"start":{"line":20,"column":23},"end":{"line":20,"column":null}},"13":{"start":{"line":20,"column":12},"end":{"line":20,"column":null}},"14":{"start":{"line":21,"column":6},"end":{"line":21,"column":31}},"15":{"start":{"line":22,"column":6},"end":{"line":22,"column":28}},"16":{"start":{"line":24,"column":6},"end":{"line":24,"column":27}},"17":{"start":{"line":28,"column":2},"end":{"line":30,"column":9}},"18":{"start":{"line":29,"column":4},"end":{"line":29,"column":17}},"19":{"start":{"line":32,"column":2},"end":{"line":41,"column":4}},"20":{"start":{"line":38,"column":12},"end":{"line":38,"column":71}}},"fnMap":{"0":{"name":"OrdersList","decl":{"start":{"line":6,"column":24},"end":{"line":6,"column":34}},"loc":{"start":{"line":6,"column":34},"end":{"line":42,"column":1}}},"1":{"name":"(anonymous_18)","decl":{"start":{"line":18,"column":21},"end":{"line":18,"column":null}},"loc":{"start":{"line":18,"column":21},"end":{"line":26,"column":4}}},"2":{"name":"(anonymous_21)","decl":{"start":{"line":28,"column":12},"end":{"line":28,"column":null}},"loc":{"start":{"line":28,"column":12},"end":{"line":30,"column":3}}},"3":{"name":"(anonymous_22)","decl":{"start":{"line":37,"column":21},"end":{"line":37,"column":22}},"loc":{"start":{"line":37,"column":32},"end":{"line":39,"column":11}}}},"branchMap":{"0":{"loc":{"start":{"line":35,"column":7},"end":{"line":39,"column":12}},"type":"cond-expr","locations":[{"start":{"line":36,"column":10},"end":{"line":36,"column":22}},{"start":{"line":37,"column":10},"end":{"line":39,"column":12}}]}},"s":{"0":1,"1":1,"2":1,"3":4,"4":3,"5":3,"6":3,"7":3,"8":3,"9":3,"10":3,"11":5,"12":2,"13":0,"14":0,"15":0,"16":0,"17":3,"18":2,"19":3,"20":0},"f":{"0":3,"1":4,"2":2,"3":0},"b":{"0":[3,0]}}
,"C:\\Users\\user\\FD3-Halavach\\react-store\\src\\components\\Search.tsx": {"path":"C:\\Users\\user\\FD3-Halavach\\react-store\\src\\components\\Search.tsx","statementMap":{"0":{"start":{"line":2,"column":0},"end":{"line":2,"column":65}},"1":{"start":{"line":7,"column":8},"end":{"line":10,"column":4}},"2":{"start":{"line":7,"column":25},"end":{"line":7,"column":27}},"3":{"start":{"line":7,"column":46},"end":{"line":7,"column":50}},"4":{"start":{"line":15,"column":28},"end":{"line":17,"column":3}},"5":{"start":{"line":16,"column":4},"end":{"line":16,"column":29}},"6":{"start":{"line":21,"column":2},"end":{"line":36,"column":4}},"7":{"start":{"line":32,"column":10},"end":{"line":32,"column":44}},"8":{"start":{"line":6,"column":0},"end":{"line":6,"column":24}}},"fnMap":{"0":{"name":"Search","decl":{"start":{"line":6,"column":24},"end":{"line":6,"column":30}},"loc":{"start":{"line":6,"column":30},"end":{"line":37,"column":1}}},"1":{"name":"(anonymous_3)","decl":{"start":{"line":15,"column":28},"end":{"line":15,"column":29}},"loc":{"start":{"line":15,"column":40},"end":{"line":17,"column":3}}},"2":{"name":"(anonymous_4)","decl":{"start":{"line":31,"column":18},"end":{"line":31,"column":19}},"loc":{"start":{"line":31,"column":51},"end":{"line":33,"column":9}}}},"branchMap":{},"s":{"0":2,"1":7,"2":7,"3":7,"4":7,"5":1,"6":7,"7":1,"8":2},"f":{"0":7,"1":1,"2":1},"b":{}}
,"C:\\Users\\user\\FD3-Halavach\\react-store\\src\\components\\Spinner.tsx": {"path":"C:\\Users\\user\\FD3-Halavach\\react-store\\src\\components\\Spinner.tsx","statementMap":{"0":{"start":{"line":2,"column":0},"end":{"line":2,"column":62}},"1":{"start":{"line":3,"column":0},"end":{"line":3,"column":36}},"2":{"start":{"line":6,"column":2},"end":{"line":10,"column":4}},"3":{"start":{"line":5,"column":0},"end":{"line":5,"column":24}}},"fnMap":{"0":{"name":"CircularIndeterminate","decl":{"start":{"line":5,"column":24},"end":{"line":5,"column":45}},"loc":{"start":{"line":5,"column":45},"end":{"line":11,"column":1}}}},"branchMap":{},"s":{"0":1,"1":1,"2":1,"3":1},"f":{"0":1},"b":{}}
,"C:\\Users\\user\\FD3-Halavach\\react-store\\src\\components\\Store.tsx": {"path":"C:\\Users\\user\\FD3-Halavach\\react-store\\src\\components\\Store.tsx","statementMap":{"0":{"start":{"line":1,"column":0},"end":{"line":1,"column":50}},"1":{"start":{"line":3,"column":0},"end":{"line":3,"column":46}},"2":{"start":{"line":4,"column":0},"end":{"line":4,"column":60}},"3":{"start":{"line":5,"column":0},"end":{"line":5,"column":46}},"4":{"start":{"line":6,"column":0},"end":{"line":6,"column":54}},"5":{"start":{"line":7,"column":0},"end":{"line":7,"column":70}},"6":{"start":{"line":8,"column":0},"end":{"line":8,"column":62}},"7":{"start":{"line":9,"column":0},"end":{"line":9,"column":50}},"8":{"start":{"line":11,"column":0},"end":{"line":21,"column":3}}},"fnMap":{},"branchMap":{},"s":{"0":9,"1":9,"2":9,"3":9,"4":9,"5":9,"6":9,"7":9,"8":9},"f":{},"b":{}}
,"C:\\Users\\user\\FD3-Halavach\\react-store\\src\\components\\Table.tsx": {"path":"C:\\Users\\user\\FD3-Halavach\\react-store\\src\\components\\Table.tsx","statementMap":{"0":{"start":{"line":2,"column":0},"end":{"line":2,"column":38}},"1":{"start":{"line":3,"column":0},"end":{"line":3,"column":50}},"2":{"start":{"line":4,"column":0},"end":{"line":4,"column":32}},"3":{"start":{"line":5,"column":0},"end":{"line":5,"column":62}},"4":{"start":{"line":6,"column":0},"end":{"line":6,"column":55}},"5":{"start":{"line":7,"column":0},"end":{"line":7,"column":62}},"6":{"start":{"line":8,"column":0},"end":{"line":8,"column":48}},"7":{"start":{"line":9,"column":0},"end":{"line":9,"column":44}},"8":{"start":{"line":10,"column":0},"end":{"line":10,"column":26}},"9":{"start":{"line":11,"column":0},"end":{"line":11,"column":54}},"10":{"start":{"line":12,"column":0},"end":{"line":12,"column":65}},"11":{"start":{"line":13,"column":0},"end":{"line":13,"column":70}},"12":{"start":{"line":14,"column":0},"end":{"line":14,"column":47}},"13":{"start":{"line":16,"column":0},"end":{"line":16,"column":24}},"14":{"start":{"line":17,"column":19},"end":{"line":17,"column":32}},"15":{"start":{"line":18,"column":17},"end":{"line":18,"column":66}},"16":{"start":{"line":18,"column":51},"end":{"line":18,"column":66}},"17":{"start":{"line":19,"column":8},"end":{"line":19,"column":76}},"18":{"start":{"line":19,"column":26},"end":{"line":19,"column":28}},"19":{"start":{"line":19,"column":48},"end":{"line":19,"column":52}},"20":{"start":{"line":20,"column":23},"end":{"line":20,"column":76}},"21":{"start":{"line":20,"column":57},"end":{"line":20,"column":76}},"22":{"start":{"line":21,"column":8},"end":{"line":21,"column":77}},"23":{"start":{"line":21,"column":23},"end":{"line":21,"column":25}},"24":{"start":{"line":21,"column":42},"end":{"line":21,"column":46}},"25":{"start":{"line":23,"column":8},"end":{"line":23,"column":80}},"26":{"start":{"line":23,"column":20},"end":{"line":23,"column":22}},"27":{"start":{"line":23,"column":36},"end":{"line":23,"column":40}},"28":{"start":{"line":24,"column":8},"end":{"line":27,"column":4}},"29":{"start":{"line":24,"column":25},"end":{"line":24,"column":27}},"30":{"start":{"line":24,"column":46},"end":{"line":24,"column":50}},"31":{"start":{"line":28,"column":8},"end":{"line":28,"column":74}},"32":{"start":{"line":28,"column":18},"end":{"line":28,"column":20}},"33":{"start":{"line":28,"column":32},"end":{"line":28,"column":36}},"34":{"start":{"line":30,"column":36},"end":{"line":30,"column":78}},"35":{"start":{"line":32,"column":22},"end":{"line":39,"column":4}},"36":{"start":{"line":41,"column":23},"end":{"line":48,"column":4}},"37":{"start":{"line":43,"column":23},"end":{"line":43,"column":null}},"38":{"start":{"line":43,"column":12},"end":{"line":43,"column":null}},"39":{"start":{"line":44,"column":6},"end":{"line":44,"column":43}},"40":{"start":{"line":46,"column":6},"end":{"line":46,"column":27}},"41":{"start":{"line":50,"column":2},"end":{"line":52,"column":9}},"42":{"start":{"line":51,"column":4},"end":{"line":51,"column":19}},"43":{"start":{"line":54,"column":23},"end":{"line":70,"column":3}},"44":{"start":{"line":55,"column":4},"end":{"line":67,"column":null}},"45":{"start":{"line":56,"column":6},"end":{"line":56,"column":58}},"46":{"start":{"line":56,"column":31},"end":{"line":56,"column":57}},"47":{"start":{"line":57,"column":11},"end":{"line":67,"column":null}},"48":{"start":{"line":58,"column":6},"end":{"line":58,"column":58}},"49":{"start":{"line":58,"column":31},"end":{"line":58,"column":57}},"50":{"start":{"line":59,"column":11},"end":{"line":67,"column":null}},"51":{"start":{"line":60,"column":6},"end":{"line":62,"column":9}},"52":{"start":{"line":61,"column":8},"end":{"line":61,"column":52}},"53":{"start":{"line":63,"column":11},"end":{"line":67,"column":null}},"54":{"start":{"line":64,"column":6},"end":{"line":66,"column":9}},"55":{"start":{"line":65,"column":8},"end":{"line":65,"column":53}},"56":{"start":{"line":69,"column":4},"end":{"line":69,"column":15}},"57":{"start":{"line":72,"column":2},"end":{"line":86,"column":68}},"58":{"start":{"line":73,"column":14},"end":{"line":73,"column":40}},"59":{"start":{"line":74,"column":4},"end":{"line":75,"column":73}},"60":{"start":{"line":75,"column":6},"end":{"line":75,"column":73}},"61":{"start":{"line":75,"column":39},"end":{"line":75,"column":72}},"62":{"start":{"line":76,"column":4},"end":{"line":76,"column":54}},"63":{"start":{"line":76,"column":19},"end":{"line":76,"column":54}},"64":{"start":{"line":77,"column":4},"end":{"line":84,"column":null}},"65":{"start":{"line":78,"column":6},"end":{"line":82,"column":8}},"66":{"start":{"line":79,"column":8},"end":{"line":81,"column":null}},"67":{"start":{"line":83,"column":6},"end":{"line":83,"column":34}},"68":{"start":{"line":85,"column":4},"end":{"line":85,"column":39}},"69":{"start":{"line":88,"column":20},"end":{"line":90,"column":3}},"70":{"start":{"line":89,"column":4},"end":{"line":89,"column":31}},"71":{"start":{"line":92,"column":21},"end":{"line":94,"column":3}},"72":{"start":{"line":93,"column":4},"end":{"line":93,"column":28}},"73":{"start":{"line":96,"column":14},"end":{"line":110,"column":3}},"74":{"start":{"line":97,"column":23},"end":{"line":97,"column":43}},"75":{"start":{"line":98,"column":17},"end":{"line":98,"column":22}},"76":{"start":{"line":99,"column":4},"end":{"line":104,"column":null}},"77":{"start":{"line":99,"column":27},"end":{"line":99,"column":44}},"78":{"start":{"line":99,"column":42},"end":{"line":99,"column":44}},"79":{"start":{"line":99,"column":23},"end":{"line":99,"column":27}},"80":{"start":{"line":100,"column":6},"end":{"line":103,"column":null}},"81":{"start":{"line":101,"column":8},"end":{"line":101,"column":48}},"82":{"start":{"line":101,"column":28},"end":{"line":101,"column":48}},"83":{"start":{"line":102,"column":8},"end":{"line":102,"column":22}},"84":{"start":{"line":105,"column":4},"end":{"line":107,"column":null}},"85":{"start":{"line":106,"column":6},"end":{"line":106,"column":53}},"86":{"start":{"line":108,"column":4},"end":{"line":108,"column":47}},"87":{"start":{"line":109,"column":4},"end":{"line":109,"column":74}},"88":{"start":{"line":112,"column":2},"end":{"line":195,"column":4}},"89":{"start":{"line":116,"column":10},"end":{"line":116,"column":null}},"90":{"start":{"line":121,"column":10},"end":{"line":141,"column":12}},"91":{"start":{"line":127,"column":18},"end":{"line":127,"column":37}},"92":{"start":{"line":146,"column":10},"end":{"line":146,"column":null}}},"fnMap":{"0":{"name":"Table","decl":{"start":{"line":16,"column":24},"end":{"line":16,"column":29}},"loc":{"start":{"line":16,"column":29},"end":{"line":196,"column":1}}},"1":{"name":"(anonymous_21)","decl":{"start":{"line":18,"column":29},"end":{"line":18,"column":30}},"loc":{"start":{"line":18,"column":46},"end":{"line":18,"column":56}}},"2":{"name":"(anonymous_22)","decl":{"start":{"line":20,"column":35},"end":{"line":20,"column":36}},"loc":{"start":{"line":20,"column":52},"end":{"line":20,"column":62}}},"3":{"name":"(anonymous_23)","decl":{"start":{"line":41,"column":23},"end":{"line":41,"column":null}},"loc":{"start":{"line":41,"column":23},"end":{"line":48,"column":4}}},"4":{"name":"(anonymous_26)","decl":{"start":{"line":50,"column":12},"end":{"line":50,"column":null}},"loc":{"start":{"line":50,"column":12},"end":{"line":52,"column":3}}},"5":{"name":"(anonymous_27)","decl":{"start":{"line":54,"column":23},"end":{"line":54,"column":24}},"loc":{"start":{"line":54,"column":52},"end":{"line":70,"column":3}}},"6":{"name":"(anonymous_28)","decl":{"start":{"line":56,"column":21},"end":{"line":56,"column":22}},"loc":{"start":{"line":56,"column":26},"end":{"line":56,"column":32}}},"7":{"name":"(anonymous_29)","decl":{"start":{"line":58,"column":21},"end":{"line":58,"column":22}},"loc":{"start":{"line":58,"column":26},"end":{"line":58,"column":32}}},"8":{"name":"(anonymous_30)","decl":{"start":{"line":60,"column":21},"end":{"line":60,"column":22}},"loc":{"start":{"line":60,"column":44},"end":{"line":62,"column":7}}},"9":{"name":"(anonymous_31)","decl":{"start":{"line":64,"column":21},"end":{"line":64,"column":22}},"loc":{"start":{"line":64,"column":44},"end":{"line":66,"column":7}}},"10":{"name":"(anonymous_32)","decl":{"start":{"line":72,"column":12},"end":{"line":72,"column":null}},"loc":{"start":{"line":72,"column":12},"end":{"line":86,"column":3}}},"11":{"name":"(anonymous_33)","decl":{"start":{"line":75,"column":23},"end":{"line":75,"column":24}},"loc":{"start":{"line":75,"column":34},"end":{"line":75,"column":40}}},"12":{"name":"(anonymous_34)","decl":{"start":{"line":78,"column":23},"end":{"line":78,"column":24}},"loc":{"start":{"line":78,"column":34},"end":{"line":79,"column":9}}},"13":{"name":"(anonymous_35)","decl":{"start":{"line":88,"column":20},"end":{"line":88,"column":21}},"loc":{"start":{"line":88,"column":37},"end":{"line":90,"column":3}}},"14":{"name":"(anonymous_36)","decl":{"start":{"line":92,"column":21},"end":{"line":92,"column":null}},"loc":{"start":{"line":92,"column":21},"end":{"line":94,"column":3}}},"15":{"name":"(anonymous_37)","decl":{"start":{"line":96,"column":14},"end":{"line":96,"column":15}},"loc":{"start":{"line":96,"column":31},"end":{"line":110,"column":3}}},"16":{"name":"(anonymous_38)","decl":{"start":{"line":115,"column":30},"end":{"line":115,"column":31}},"loc":{"start":{"line":115,"column":50},"end":{"line":116,"column":30}}},"17":{"name":"(anonymous_39)","decl":{"start":{"line":120,"column":32},"end":{"line":120,"column":33}},"loc":{"start":{"line":120,"column":49},"end":{"line":142,"column":9}}},"18":{"name":"(anonymous_40)","decl":{"start":{"line":126,"column":25},"end":{"line":126,"column":null}},"loc":{"start":{"line":126,"column":25},"end":{"line":128,"column":17}}},"19":{"name":"(anonymous_41)","decl":{"start":{"line":145,"column":30},"end":{"line":145,"column":31}},"loc":{"start":{"line":145,"column":50},"end":{"line":146,"column":30}}}},"branchMap":{"0":{"loc":{"start":{"line":55,"column":4},"end":{"line":67,"column":null}},"type":"if","locations":[{"start":{"line":55,"column":4},"end":{"line":67,"column":null}},{"start":{"line":57,"column":11},"end":{"line":67,"column":null}}]},"1":{"loc":{"start":{"line":57,"column":11},"end":{"line":67,"column":null}},"type":"if","locations":[{"start":{"line":57,"column":11},"end":{"line":67,"column":null}},{"start":{"line":59,"column":11},"end":{"line":67,"column":null}}]},"2":{"loc":{"start":{"line":59,"column":11},"end":{"line":67,"column":null}},"type":"if","locations":[{"start":{"line":59,"column":11},"end":{"line":67,"column":null}},{"start":{"line":63,"column":11},"end":{"line":67,"column":null}}]},"3":{"loc":{"start":{"line":63,"column":11},"end":{"line":67,"column":null}},"type":"if","locations":[{"start":{"line":63,"column":11},"end":{"line":67,"column":null}}]},"4":{"loc":{"start":{"line":74,"column":4},"end":{"line":75,"column":73}},"type":"if","locations":[{"start":{"line":74,"column":4},"end":{"line":75,"column":73}}]},"5":{"loc":{"start":{"line":76,"column":4},"end":{"line":76,"column":54}},"type":"if","locations":[{"start":{"line":76,"column":4},"end":{"line":76,"column":54}}]},"6":{"loc":{"start":{"line":77,"column":4},"end":{"line":84,"column":null}},"type":"if","locations":[{"start":{"line":77,"column":4},"end":{"line":84,"column":null}}]},"7":{"loc":{"start":{"line":100,"column":6},"end":{"line":103,"column":null}},"type":"if","locations":[{"start":{"line":100,"column":6},"end":{"line":103,"column":null}}]},"8":{"loc":{"start":{"line":101,"column":8},"end":{"line":101,"column":48}},"type":"if","locations":[{"start":{"line":101,"column":8},"end":{"line":101,"column":48}}]},"9":{"loc":{"start":{"line":105,"column":4},"end":{"line":107,"column":null}},"type":"if","locations":[{"start":{"line":105,"column":4},"end":{"line":107,"column":null}}]},"10":{"loc":{"start":{"line":120,"column":9},"end":{"line":142,"column":10}},"type":"cond-expr","locations":[{"start":{"line":120,"column":26},"end":{"line":120,"column":28}},{"start":{"line":120,"column":9},"end":{"line":142,"column":10}}]},"11":{"loc":{"start":{"line":120,"column":9},"end":{"line":120,"column":28}},"type":"binary-expr","locations":[{"start":{"line":120,"column":9},"end":{"line":120,"column":28}},{"start":{"line":120,"column":9},"end":{"line":120,"column":28}}]},"12":{"loc":{"start":{"line":150,"column":9},"end":{"line":191,"column":null}},"type":"binary-expr","locations":[{"start":{"line":150,"column":9},"end":{"line":150,"column":23}},{"start":{"line":151,"column":10},"end":{"line":190,"column":null}}]},"13":{"loc":{"start":{"line":178,"column":27},"end":{"line":178,"column":58}},"type":"cond-expr","locations":[{"start":{"line":178,"column":41},"end":{"line":178,"column":43}},{"start":{"line":178,"column":27},"end":{"line":178,"column":58}}]},"14":{"loc":{"start":{"line":178,"column":27},"end":{"line":178,"column":43}},"type":"binary-expr","locations":[{"start":{"line":178,"column":27},"end":{"line":178,"column":43}},{"start":{"line":178,"column":27},"end":{"line":178,"column":43}}]}},"s":{"0":2,"1":2,"2":2,"3":2,"4":2,"5":2,"6":2,"7":2,"8":2,"9":2,"10":2,"11":2,"12":2,"13":22,"14":20,"15":20,"16":31,"17":20,"18":20,"19":20,"20":20,"21":31,"22":20,"23":20,"24":20,"25":20,"26":20,"27":20,"28":20,"29":20,"30":20,"31":20,"32":20,"33":20,"34":20,"35":20,"36":26,"37":6,"38":2,"39":2,"40":0,"41":20,"42":6,"43":20,"44":0,"45":0,"46":0,"47":0,"48":0,"49":0,"50":0,"51":0,"52":0,"53":0,"54":0,"55":0,"56":0,"57":20,"58":8,"59":8,"60":0,"61":0,"62":8,"63":0,"64":8,"65":0,"66":0,"67":0,"68":8,"69":20,"70":2,"71":20,"72":1,"73":20,"74":0,"75":0,"76":0,"77":0,"78":0,"79":0,"80":0,"81":0,"82":0,"83":0,"84":0,"85":0,"86":0,"87":0,"88":20,"89":16,"90":80,"91":2,"92":16},"f":{"0":20,"1":31,"2":31,"3":12,"4":6,"5":0,"6":0,"7":0,"8":0,"9":0,"10":8,"11":0,"12":0,"13":2,"14":1,"15":0,"16":16,"17":80,"18":2,"19":16},"b":{"0":[0,0],"1":[0,0],"2":[0,0],"3":[0],"4":[0],"5":[0],"6":[0],"7":[0],"8":[0],"9":[0],"10":[0,20],"11":[20,20],"12":[20,2],"13":[0,2],"14":[2,2]}}
,"C:\\Users\\user\\FD3-Halavach\\react-store\\src\\hooks\\useDebounce.tsx": {"path":"C:\\Users\\user\\FD3-Halavach\\react-store\\src\\hooks\\useDebounce.tsx","statementMap":{"0":{"start":{"line":1,"column":0},"end":{"line":1,"column":44}},"1":{"start":{"line":4,"column":8},"end":{"line":4,"column":65}},"2":{"start":{"line":4,"column":23},"end":{"line":4,"column":25}},"3":{"start":{"line":4,"column":42},"end":{"line":4,"column":46}},"4":{"start":{"line":6,"column":2},"end":{"line":12,"column":21}},"5":{"start":{"line":7,"column":18},"end":{"line":7,"column":74}},"6":{"start":{"line":7,"column":35},"end":{"line":7,"column":61}},"7":{"start":{"line":9,"column":4},"end":{"line":11,"column":6}},"8":{"start":{"line":10,"column":6},"end":{"line":10,"column":26}},"9":{"start":{"line":14,"column":2},"end":{"line":14,"column":24}},"10":{"start":{"line":17,"column":0},"end":{"line":17,"column":27}}},"fnMap":{"0":{"name":"useDebounce","decl":{"start":{"line":3,"column":9},"end":{"line":3,"column":20}},"loc":{"start":{"line":3,"column":48},"end":{"line":15,"column":1}}},"1":{"name":"(anonymous_2)","decl":{"start":{"line":6,"column":12},"end":{"line":6,"column":null}},"loc":{"start":{"line":6,"column":12},"end":{"line":12,"column":3}}},"2":{"name":"(anonymous_3)","decl":{"start":{"line":7,"column":29},"end":{"line":7,"column":35}},"loc":{"start":{"line":7,"column":29},"end":{"line":7,"column":52}}},"3":{"name":"(anonymous_4)","decl":{"start":{"line":9,"column":11},"end":{"line":9,"column":null}},"loc":{"start":{"line":9,"column":11},"end":{"line":11,"column":5}}}},"branchMap":{"0":{"loc":{"start":{"line":7,"column":61},"end":{"line":7,"column":73}},"type":"binary-expr","locations":[{"start":{"line":7,"column":61},"end":{"line":7,"column":66}},{"start":{"line":7,"column":70},"end":{"line":7,"column":73}}]}},"s":{"0":2,"1":20,"2":20,"3":20,"4":20,"5":6,"6":2,"7":6,"8":6,"9":20,"10":2},"f":{"0":20,"1":6,"2":2,"3":6},"b":{"0":[6,0]}}
,"C:\\Users\\user\\FD3-Halavach\\react-store\\src\\hooks\\useSearchParamsState.tsx": {"path":"C:\\Users\\user\\FD3-Halavach\\react-store\\src\\hooks\\useSearchParamsState.tsx","statementMap":{"0":{"start":{"line":1,"column":0},"end":{"line":1,"column":51}},"1":{"start":{"line":10,"column":8},"end":{"line":10,"column":60}},"2":{"start":{"line":10,"column":21},"end":{"line":10,"column":23}},"3":{"start":{"line":10,"column":38},"end":{"line":10,"column":42}},"4":{"start":{"line":12,"column":30},"end":{"line":12,"column":63}},"5":{"start":{"line":13,"column":28},"end":{"line":13,"column":63}},"6":{"start":{"line":15,"column":31},"end":{"line":25,"column":3}},"7":{"start":{"line":16,"column":17},"end":{"line":22,"column":null}},"8":{"start":{"line":19,"column":12},"end":{"line":19,"column":13}},"9":{"start":{"line":19,"column":16},"end":{"line":19,"column":18}},"10":{"start":{"line":19,"column":23},"end":{"line":19,"column":24}},"11":{"start":{"line":19,"column":29},"end":{"line":19,"column":null}},"12":{"start":{"line":24,"column":4},"end":{"line":24,"column":26}},"13":{"start":{"line":26,"column":2},"end":{"line":26,"column":51}},"14":{"start":{"line":3,"column":0},"end":{"line":3,"column":24}}},"fnMap":{"0":{"name":"useSearchParamsState","decl":{"start":{"line":3,"column":24},"end":{"line":3,"column":44}},"loc":{"start":{"line":5,"column":22},"end":{"line":27,"column":1}}},"1":{"name":"(anonymous_5)","decl":{"start":{"line":15,"column":31},"end":{"line":15,"column":32}},"loc":{"start":{"line":15,"column":48},"end":{"line":25,"column":3}}},"2":{"name":"(anonymous_6)","decl":{"start":{"line":19,"column":8},"end":{"line":19,"column":9}},"loc":{"start":{"line":19,"column":24},"end":{"line":19,"column":35}}}},"branchMap":{"0":{"loc":{"start":{"line":13,"column":28},"end":{"line":13,"column":63}},"type":"cond-expr","locations":[{"start":{"line":13,"column":28},"end":{"line":13,"column":47}},{"start":{"line":13,"column":51},"end":{"line":13,"column":63}}]},"1":{"loc":{"start":{"line":13,"column":28},"end":{"line":13,"column":51}},"type":"binary-expr","locations":[{"start":{"line":13,"column":28},"end":{"line":13,"column":51}},{"start":{"line":13,"column":28},"end":{"line":13,"column":51}}]}},"s":{"0":4,"1":137,"2":137,"3":137,"4":137,"5":137,"6":137,"7":2,"8":0,"9":0,"10":0,"11":0,"12":2,"13":137,"14":4},"f":{"0":137,"1":2,"2":0},"b":{"0":[3,134],"1":[137,3]}}
,"C:\\Users\\user\\FD3-Halavach\\react-store\\src\\slices\\cartProductsSlice.tsx": {"path":"C:\\Users\\user\\FD3-Halavach\\react-store\\src\\slices\\cartProductsSlice.tsx","statementMap":{"0":{"start":{"line":1,"column":0},"end":{"line":1,"column":47}},"1":{"start":{"line":5,"column":13},"end":{"line":17,"column":3}},"2":{"start":{"line":13,"column":26},"end":{"line":13,"column":32}},"3":{"start":{"line":14,"column":6},"end":{"line":14,"column":21}},"4":{"start":{"line":19,"column":15},"end":{"line":19,"column":61}},"5":{"start":{"line":20,"column":0},"end":{"line":20,"column":41}}},"fnMap":{"0":{"name":"(anonymous_0)","decl":{"start":{"line":12,"column":21},"end":{"line":12,"column":22}},"loc":{"start":{"line":12,"column":34},"end":{"line":15,"column":5}}}},"branchMap":{"0":{"loc":{"start":{"line":7,"column":16},"end":{"line":9,"column":8}},"type":"cond-expr","locations":[{"start":{"line":8,"column":6},"end":{"line":8,"column":64}},{"start":{"line":9,"column":6},"end":{"line":9,"column":8}}]}},"s":{"0":9,"1":9,"2":2,"3":2,"4":9,"5":9},"f":{"0":2},"b":{"0":[0,9]}}
,"C:\\Users\\user\\FD3-Halavach\\react-store\\src\\slices\\filteredProductsSlice.tsx": {"path":"C:\\Users\\user\\FD3-Halavach\\react-store\\src\\slices\\filteredProductsSlice.tsx","statementMap":{"0":{"start":{"line":1,"column":0},"end":{"line":1,"column":47}},"1":{"start":{"line":3,"column":13},"end":{"line":13,"column":3}},"2":{"start":{"line":9,"column":26},"end":{"line":9,"column":32}},"3":{"start":{"line":10,"column":6},"end":{"line":10,"column":21}},"4":{"start":{"line":15,"column":15},"end":{"line":15,"column":69}},"5":{"start":{"line":16,"column":0},"end":{"line":16,"column":45}}},"fnMap":{"0":{"name":"(anonymous_0)","decl":{"start":{"line":8,"column":25},"end":{"line":8,"column":26}},"loc":{"start":{"line":8,"column":38},"end":{"line":11,"column":5}}}},"branchMap":{},"s":{"0":9,"1":9,"2":8,"3":8,"4":9,"5":9},"f":{"0":8},"b":{}}
,"C:\\Users\\user\\FD3-Halavach\\react-store\\src\\slices\\ordersSlice.tsx": {"path":"C:\\Users\\user\\FD3-Halavach\\react-store\\src\\slices\\ordersSlice.tsx","statementMap":{"0":{"start":{"line":1,"column":0},"end":{"line":1,"column":47}},"1":{"start":{"line":4,"column":27},"end":{"line":4,"column":29}},"2":{"start":{"line":6,"column":13},"end":{"line":15,"column":3}},"3":{"start":{"line":12,"column":6},"end":{"line":12,"column":61}},"4":{"start":{"line":17,"column":15},"end":{"line":17,"column":49}},"5":{"start":{"line":18,"column":0},"end":{"line":18,"column":35}}},"fnMap":{"0":{"name":"(anonymous_2)","decl":{"start":{"line":11,"column":15},"end":{"line":11,"column":16}},"loc":{"start":{"line":11,"column":29},"end":{"line":13,"column":5}}}},"branchMap":{},"s":{"0":9,"1":9,"2":9,"3":0,"4":9,"5":9},"f":{"0":0},"b":{}}
,"C:\\Users\\user\\FD3-Halavach\\react-store\\src\\slices\\productsSlice.tsx": {"path":"C:\\Users\\user\\FD3-Halavach\\react-store\\src\\slices\\productsSlice.tsx","statementMap":{"0":{"start":{"line":1,"column":0},"end":{"line":1,"column":47}},"1":{"start":{"line":5,"column":13},"end":{"line":15,"column":3}},"2":{"start":{"line":11,"column":26},"end":{"line":11,"column":32}},"3":{"start":{"line":12,"column":6},"end":{"line":12,"column":21}},"4":{"start":{"line":17,"column":15},"end":{"line":17,"column":53}},"5":{"start":{"line":18,"column":0},"end":{"line":18,"column":37}}},"fnMap":{"0":{"name":"(anonymous_0)","decl":{"start":{"line":10,"column":17},"end":{"line":10,"column":18}},"loc":{"start":{"line":10,"column":30},"end":{"line":13,"column":5}}}},"branchMap":{},"s":{"0":9,"1":9,"2":2,"3":2,"4":9,"5":9},"f":{"0":2},"b":{}}
,"C:\\Users\\user\\FD3-Halavach\\react-store\\src\\slices\\searchQuerySlice.tsx": {"path":"C:\\Users\\user\\FD3-Halavach\\react-store\\src\\slices\\searchQuerySlice.tsx","statementMap":{"0":{"start":{"line":1,"column":0},"end":{"line":1,"column":47}},"1":{"start":{"line":3,"column":13},"end":{"line":13,"column":3}},"2":{"start":{"line":9,"column":26},"end":{"line":9,"column":32}},"3":{"start":{"line":10,"column":6},"end":{"line":10,"column":21}},"4":{"start":{"line":15,"column":15},"end":{"line":15,"column":59}},"5":{"start":{"line":16,"column":0},"end":{"line":16,"column":40}}},"fnMap":{"0":{"name":"(anonymous_0)","decl":{"start":{"line":8,"column":20},"end":{"line":8,"column":21}},"loc":{"start":{"line":8,"column":33},"end":{"line":11,"column":5}}}},"branchMap":{},"s":{"0":9,"1":9,"2":0,"3":0,"4":9,"5":9},"f":{"0":0},"b":{}}
,"C:\\Users\\user\\FD3-Halavach\\react-store\\src\\slices\\sortSlice.tsx": {"path":"C:\\Users\\user\\FD3-Halavach\\react-store\\src\\slices\\sortSlice.tsx","statementMap":{"0":{"start":{"line":1,"column":0},"end":{"line":1,"column":47}},"1":{"start":{"line":3,"column":13},"end":{"line":13,"column":3}},"2":{"start":{"line":9,"column":26},"end":{"line":9,"column":32}},"3":{"start":{"line":10,"column":6},"end":{"line":10,"column":21}},"4":{"start":{"line":15,"column":15},"end":{"line":15,"column":45}},"5":{"start":{"line":16,"column":0},"end":{"line":16,"column":33}}},"fnMap":{"0":{"name":"(anonymous_0)","decl":{"start":{"line":8,"column":13},"end":{"line":8,"column":14}},"loc":{"start":{"line":8,"column":26},"end":{"line":11,"column":5}}}},"branchMap":{},"s":{"0":9,"1":9,"2":0,"3":0,"4":9,"5":9},"f":{"0":0},"b":{}}
,"C:\\Users\\user\\FD3-Halavach\\react-store\\src\\slices\\typeSlice.tsx": {"path":"C:\\Users\\user\\FD3-Halavach\\react-store\\src\\slices\\typeSlice.tsx","statementMap":{"0":{"start":{"line":1,"column":0},"end":{"line":1,"column":47}},"1":{"start":{"line":5,"column":13},"end":{"line":15,"column":3}},"2":{"start":{"line":11,"column":26},"end":{"line":11,"column":32}},"3":{"start":{"line":12,"column":6},"end":{"line":12,"column":21}},"4":{"start":{"line":17,"column":15},"end":{"line":17,"column":45}},"5":{"start":{"line":18,"column":0},"end":{"line":18,"column":33}}},"fnMap":{"0":{"name":"(anonymous_0)","decl":{"start":{"line":10,"column":13},"end":{"line":10,"column":14}},"loc":{"start":{"line":10,"column":26},"end":{"line":13,"column":5}}}},"branchMap":{},"s":{"0":9,"1":9,"2":0,"3":0,"4":9,"5":9},"f":{"0":0},"b":{}}
}
