TN:
SF:src\App.tsx
FN:8,(anonymous_10)
FN:8,(anonymous_11)
FN:9,(anonymous_12)
FN:9,(anonymous_13)
FN:11,App
FN:18,(anonymous_15)
FN:19,set
FN:25,cleanup
FNF:8
FNH:7
FNDA:1,(anonymous_10)
FNDA:1,(anonymous_11)
FNDA:1,(anonymous_12)
FNDA:1,(anonymous_13)
FNDA:3,App
FNDA:1,(anonymous_15)
FNDA:0,set
FNDA:1,cleanup
DA:1,1
DA:2,1
DA:3,1
DA:4,1
DA:5,1
DA:6,1
DA:7,1
DA:8,2
DA:9,2
DA:13,3
DA:14,3
DA:18,3
DA:20,0
DA:22,1
DA:25,1
DA:26,1
DA:36,3
DA:101,1
LF:18
LH:17
BRDA:43,0,0,0
BRDA:43,0,1,3
BRDA:50,1,0,0
BRDA:50,1,1,3
BRDA:58,2,0,0
BRDA:58,2,1,3
BRDA:66,3,0,0
BRDA:66,3,1,3
BRDA:75,4,0,0
BRDA:75,4,1,3
BRDA:90,5,0,0
BRDA:90,5,1,3
BRF:12
BRH:6
end_of_record
TN:
SF:src\util.tsx
FN:1,formatMoney
FNF:1
FNH:1
FNDA:82,formatMoney
DA:1,3
DA:2,82
DA:3,48
LF:3
LH:3
BRDA:2,0,0,34
BRF:1
BRH:1
end_of_record
TN:
SF:src\components\About.tsx
FN:1,About
FNF:1
FNH:1
FNDA:2,About
DA:1,1
DA:2,2
LF:2
LH:2
BRF:0
BRH:0
end_of_record
TN:
SF:src\components\AddToCartButton.tsx
FN:5,AddToCartButton
FN:11,(anonymous_4)
FN:12,(anonymous_5)
FN:13,(anonymous_6)
FN:16,(anonymous_7)
FN:25,(anonymous_8)
FNF:6
FNH:4
FNDA:104,AddToCartButton
FNDA:124,(anonymous_4)
FNDA:43,(anonymous_5)
FNDA:0,(anonymous_6)
FNDA:43,(anonymous_7)
FNDA:0,(anonymous_8)
DA:1,3
DA:3,3
DA:5,3
DA:9,208
DA:10,104
DA:11,124
DA:12,104
DA:13,43
DA:16,104
DA:17,43
DA:20,104
DA:25,0
LF:12
LH:11
BRDA:23,0,0,0
BRDA:23,0,1,104
BRDA:28,1,0,0
BRDA:28,1,1,104
BRF:4
BRH:2
end_of_record
TN:
SF:src\components\AppPagination.tsx
FN:8,AppPagination
FN:16,(anonymous_4)
FN:18,(anonymous_5)
FN:21,(anonymous_6)
FN:32,(anonymous_7)
FNF:5
FNH:4
FNDA:56,AppPagination
FNDA:78,(anonymous_4)
FNDA:76,(anonymous_5)
FNDA:32,(anonymous_6)
FNDA:0,(anonymous_7)
DA:1,2
DA:2,2
DA:3,2
DA:4,2
DA:5,2
DA:8,2
DA:11,56
DA:12,56
DA:13,56
DA:14,56
DA:16,78
DA:17,56
DA:18,76
DA:21,56
DA:22,32
DA:23,32
DA:24,32
DA:32,56
DA:33,0
DA:36,56
LF:20
LH:19
BRF:0
BRH:0
end_of_record
TN:
SF:src\components\Cart.tsx
FN:9,Cart
FN:11,(anonymous_6)
FN:22,(anonymous_7)
FN:24,(anonymous_8)
FN:30,(anonymous_9)
FN:34,(anonymous_10)
FN:53,(anonymous_11)
FN:74,(anonymous_12)
FN:76,(anonymous_13)
FN:95,(anonymous_14)
FN:103,(anonymous_15)
FNF:11
FNH:4
FNDA:5,Cart
FNDA:7,(anonymous_6)
FNDA:0,(anonymous_7)
FNDA:0,(anonymous_8)
FNDA:2,(anonymous_9)
FNDA:2,(anonymous_10)
FNDA:0,(anonymous_11)
FNDA:0,(anonymous_12)
FNDA:0,(anonymous_13)
FNDA:0,(anonymous_14)
FNDA:0,(anonymous_15)
DA:1,2
DA:2,2
DA:4,2
DA:5,2
DA:6,2
DA:7,2
DA:9,2
DA:10,5
DA:11,7
DA:13,5
DA:14,5
DA:22,5
DA:23,0
DA:24,0
DA:26,0
DA:27,0
DA:30,5
DA:31,2
DA:34,5
DA:35,2
DA:38,5
DA:54,0
DA:75,0
DA:76,0
DA:77,0
DA:78,0
DA:96,0
DA:103,0
LF:28
LH:17
BRDA:35,0,0,2
BRDA:41,1,0,5
BRDA:41,1,1,0
BRDA:49,2,0,5
BRDA:49,2,1,0
BRDA:58,3,0,0
BRDA:58,3,1,0
BRDA:70,4,0,0
BRDA:70,4,1,0
BRDA:70,5,0,0
BRDA:70,5,1,0
BRDA:96,6,0,0
BRDA:96,6,1,0
BRDA:96,7,0,0
BRDA:96,7,1,0
BRDA:109,8,0,5
BRDA:109,8,1,0
BRF:17
BRH:4
end_of_record
TN:
SF:src\components\CheckoutForm.tsx
FN:17,CheckoutForm
FN:35,(anonymous_18)
FN:45,(anonymous_19)
FN:54,(anonymous_20)
FN:64,(anonymous_21)
FN:73,(anonymous_22)
FN:75,(anonymous_23)
FN:86,(anonymous_24)
FN:91,(anonymous_25)
FN:95,(anonymous_27)
FN:103,(anonymous_28)
FN:122,(anonymous_29)
FN:143,(anonymous_30)
FN:164,(anonymous_31)
FN:183,(anonymous_32)
FN:183,(anonymous_33)
FN:228,(anonymous_35)
FNF:17
FNH:10
FNDA:64,CheckoutForm
FNDA:64,(anonymous_18)
FNDA:10,(anonymous_19)
FNDA:19,(anonymous_20)
FNDA:25,(anonymous_21)
FNDA:64,(anonymous_22)
FNDA:149,(anonymous_23)
FNDA:0,(anonymous_24)
FNDA:0,(anonymous_25)
FNDA:0,(anonymous_27)
FNDA:0,(anonymous_28)
FNDA:19,(anonymous_29)
FNDA:10,(anonymous_30)
FNDA:25,(anonymous_31)
FNDA:0,(anonymous_32)
FNDA:0,(anonymous_33)
FNDA:0,(anonymous_35)
DA:1,3
DA:2,3
DA:10,3
DA:11,3
DA:12,3
DA:13,3
DA:14,3
DA:15,3
DA:17,67
DA:20,64
DA:21,64
DA:22,64
DA:23,64
DA:24,64
DA:25,64
DA:26,64
DA:27,64
DA:32,64
DA:33,64
DA:34,64
DA:35,64
DA:37,64
DA:45,64
DA:47,10
DA:48,10
DA:49,10
DA:50,6
DA:51,4
DA:54,64
DA:55,19
DA:56,19
DA:59,19
DA:60,19
DA:61,16
DA:64,64
DA:65,25
DA:66,25
DA:67,25
DA:68,25
DA:69,19
DA:70,6
DA:73,64
DA:74,64
DA:75,149
DA:80,19
DA:82,45
DA:86,64
DA:91,0
DA:92,0
DA:95,0
DA:96,0
DA:99,0
DA:103,64
DA:104,0
DA:105,0
DA:106,0
DA:107,0
DA:109,64
DA:123,19
DA:124,19
DA:125,19
DA:144,10
DA:145,10
DA:146,10
DA:165,25
DA:166,25
DA:167,25
DA:183,0
DA:184,0
DA:185,0
DA:186,0
DA:193,0
DA:229,0
DA:230,0
LF:74
LH:58
BRDA:48,0,0,0
BRDA:48,0,1,10
BRDA:49,1,0,6
BRDA:49,1,1,4
BRDA:49,2,0,10
BRDA:49,2,1,6
BRDA:59,3,0,0
BRDA:59,3,1,19
BRDA:60,4,0,3
BRDA:60,4,1,16
BRDA:67,5,0,0
BRDA:67,5,1,25
BRDA:68,6,0,19
BRDA:68,6,1,6
BRDA:68,7,0,25
BRDA:68,7,1,25
BRDA:74,8,0,19
BRDA:74,8,1,45
BRDA:75,9,0,64
BRDA:75,9,1,24
BRDA:75,9,2,23
BRDA:75,9,3,23
BRDA:180,10,0,19
BRDA:180,10,1,45
BRDA:185,11,0,0
BRDA:205,12,0,64
BRDA:205,12,1,0
BRF:27
BRH:22
end_of_record
TN:
SF:src\components\Filter.tsx
FN:4,Filter
FN:14,(anonymous_5)
FN:28,(anonymous_6)
FNF:3
FNH:2
FNDA:7,Filter
FNDA:0,(anonymous_5)
FNDA:1,(anonymous_6)
DA:2,2
DA:4,2
DA:5,7
DA:6,7
DA:8,7
DA:14,0
DA:29,1
LF:7
LH:6
BRF:0
BRH:0
end_of_record
TN:
SF:src\components\Footer.tsx
FN:3,Footer
FNF:1
FNH:1
FNDA:2,Footer
DA:3,1
DA:4,2
LF:2
LH:2
BRF:0
BRH:0
end_of_record
TN:
SF:src\components\OrderListContainer.tsx
FN:3,OrderListContainer
FN:12,(anonymous_3)
FNF:2
FNH:2
FNDA:2,OrderListContainer
FNDA:4,(anonymous_3)
DA:3,2
DA:4,2
DA:5,2
DA:13,4
LF:4
LH:4
BRF:0
BRH:0
end_of_record
TN:
SF:src\components\OrdersList.tsx
FN:6,OrdersList
FN:18,(anonymous_18)
FN:28,(anonymous_21)
FN:37,(anonymous_22)
FNF:4
FNH:3
FNDA:3,OrdersList
FNDA:4,(anonymous_18)
FNDA:2,(anonymous_21)
FNDA:0,(anonymous_22)
DA:1,1
DA:3,1
DA:4,1
DA:6,4
DA:7,3
DA:8,3
DA:10,3
DA:18,5
DA:20,2
DA:21,0
DA:22,0
DA:24,0
DA:28,3
DA:29,2
DA:32,3
DA:38,0
LF:16
LH:12
BRDA:35,0,0,3
BRDA:35,0,1,0
BRF:2
BRH:1
end_of_record
TN:
SF:src\components\Search.tsx
FN:6,Search
FN:15,(anonymous_3)
FN:31,(anonymous_4)
FNF:3
FNH:3
FNDA:7,Search
FNDA:1,(anonymous_3)
FNDA:1,(anonymous_4)
DA:2,2
DA:6,2
DA:7,7
DA:15,7
DA:16,1
DA:21,7
DA:32,1
LF:7
LH:7
BRF:0
BRH:0
end_of_record
TN:
SF:src\components\Spinner.tsx
FN:5,CircularIndeterminate
FNF:1
FNH:1
FNDA:1,CircularIndeterminate
DA:2,1
DA:3,1
DA:5,1
DA:6,1
LF:4
LH:4
BRF:0
BRH:0
end_of_record
TN:
SF:src\components\Store.tsx
FNF:0
FNH:0
DA:1,9
DA:3,9
DA:4,9
DA:5,9
DA:6,9
DA:7,9
DA:8,9
DA:9,9
DA:11,9
LF:9
LH:9
BRF:0
BRH:0
end_of_record
TN:
SF:src\components\Table.tsx
FN:16,Table
FN:18,(anonymous_21)
FN:20,(anonymous_22)
FN:41,(anonymous_23)
FN:50,(anonymous_26)
FN:54,(anonymous_27)
FN:56,(anonymous_28)
FN:58,(anonymous_29)
FN:60,(anonymous_30)
FN:64,(anonymous_31)
FN:72,(anonymous_32)
FN:75,(anonymous_33)
FN:78,(anonymous_34)
FN:88,(anonymous_35)
FN:92,(anonymous_36)
FN:96,(anonymous_37)
FN:115,(anonymous_38)
FN:120,(anonymous_39)
FN:126,(anonymous_40)
FN:145,(anonymous_41)
FNF:20
FNH:12
FNDA:20,Table
FNDA:31,(anonymous_21)
FNDA:31,(anonymous_22)
FNDA:12,(anonymous_23)
FNDA:6,(anonymous_26)
FNDA:0,(anonymous_27)
FNDA:0,(anonymous_28)
FNDA:0,(anonymous_29)
FNDA:0,(anonymous_30)
FNDA:0,(anonymous_31)
FNDA:8,(anonymous_32)
FNDA:0,(anonymous_33)
FNDA:0,(anonymous_34)
FNDA:2,(anonymous_35)
FNDA:1,(anonymous_36)
FNDA:0,(anonymous_37)
FNDA:16,(anonymous_38)
FNDA:80,(anonymous_39)
FNDA:2,(anonymous_40)
FNDA:16,(anonymous_41)
DA:2,2
DA:3,2
DA:4,2
DA:5,2
DA:6,2
DA:7,2
DA:8,2
DA:9,2
DA:10,2
DA:11,2
DA:12,2
DA:13,2
DA:14,2
DA:16,22
DA:17,20
DA:18,31
DA:19,20
DA:20,31
DA:21,20
DA:23,20
DA:24,20
DA:28,20
DA:30,20
DA:32,20
DA:41,26
DA:43,6
DA:44,2
DA:46,0
DA:50,20
DA:51,6
DA:54,20
DA:55,0
DA:56,0
DA:57,0
DA:58,0
DA:59,0
DA:60,0
DA:61,0
DA:63,0
DA:64,0
DA:65,0
DA:69,0
DA:72,20
DA:73,8
DA:74,8
DA:75,0
DA:76,8
DA:77,8
DA:78,0
DA:79,0
DA:83,0
DA:85,8
DA:88,20
DA:89,2
DA:92,20
DA:93,1
DA:96,20
DA:97,0
DA:98,0
DA:99,0
DA:100,0
DA:101,0
DA:102,0
DA:105,0
DA:106,0
DA:108,0
DA:109,0
DA:112,20
DA:116,16
DA:121,80
DA:127,2
DA:146,16
LF:72
LH:46
BRDA:55,0,0,0
BRDA:55,0,1,0
BRDA:57,1,0,0
BRDA:57,1,1,0
BRDA:59,2,0,0
BRDA:59,2,1,0
BRDA:63,3,0,0
BRDA:74,4,0,0
BRDA:76,5,0,0
BRDA:77,6,0,0
BRDA:100,7,0,0
BRDA:101,8,0,0
BRDA:105,9,0,0
BRDA:120,10,0,0
BRDA:120,10,1,20
BRDA:120,11,0,20
BRDA:120,11,1,20
BRDA:150,12,0,20
BRDA:150,12,1,2
BRDA:178,13,0,0
BRDA:178,13,1,2
BRDA:178,14,0,2
BRDA:178,14,1,2
BRF:23
BRH:8
end_of_record
TN:
SF:src\hooks\useDebounce.tsx
FN:3,useDebounce
FN:6,(anonymous_2)
FN:7,(anonymous_3)
FN:9,(anonymous_4)
FNF:4
FNH:4
FNDA:20,useDebounce
FNDA:6,(anonymous_2)
FNDA:2,(anonymous_3)
FNDA:6,(anonymous_4)
DA:1,2
DA:4,20
DA:6,20
DA:7,6
DA:9,6
DA:10,6
DA:14,20
DA:17,2
LF:8
LH:8
BRDA:7,0,0,6
BRDA:7,0,1,0
BRF:2
BRH:1
end_of_record
TN:
SF:src\hooks\useSearchParamsState.tsx
FN:3,useSearchParamsState
FN:15,(anonymous_5)
FN:19,(anonymous_6)
FNF:3
FNH:2
FNDA:137,useSearchParamsState
FNDA:2,(anonymous_5)
FNDA:0,(anonymous_6)
DA:1,4
DA:3,4
DA:10,137
DA:12,137
DA:13,137
DA:15,137
DA:16,2
DA:19,0
DA:24,2
DA:26,137
LF:10
LH:9
BRDA:13,0,0,3
BRDA:13,0,1,134
BRDA:13,1,0,137
BRDA:13,1,1,3
BRF:4
BRH:4
end_of_record
TN:
SF:src\slices\cartProductsSlice.tsx
FN:12,(anonymous_0)
FNF:1
FNH:1
FNDA:2,(anonymous_0)
DA:1,9
DA:5,9
DA:13,2
DA:14,2
DA:19,9
DA:20,9
LF:6
LH:6
BRDA:7,0,0,0
BRDA:7,0,1,9
BRF:2
BRH:1
end_of_record
TN:
SF:src\slices\filteredProductsSlice.tsx
FN:8,(anonymous_0)
FNF:1
FNH:1
FNDA:8,(anonymous_0)
DA:1,9
DA:3,9
DA:9,8
DA:10,8
DA:15,9
DA:16,9
LF:6
LH:6
BRF:0
BRH:0
end_of_record
TN:
SF:src\slices\ordersSlice.tsx
FN:11,(anonymous_2)
FNF:1
FNH:0
FNDA:0,(anonymous_2)
DA:1,9
DA:4,9
DA:6,9
DA:12,0
DA:17,9
DA:18,9
LF:6
LH:5
BRF:0
BRH:0
end_of_record
TN:
SF:src\slices\productsSlice.tsx
FN:10,(anonymous_0)
FNF:1
FNH:1
FNDA:2,(anonymous_0)
DA:1,9
DA:5,9
DA:11,2
DA:12,2
DA:17,9
DA:18,9
LF:6
LH:6
BRF:0
BRH:0
end_of_record
TN:
SF:src\slices\searchQuerySlice.tsx
FN:8,(anonymous_0)
FNF:1
FNH:0
FNDA:0,(anonymous_0)
DA:1,9
DA:3,9
DA:9,0
DA:10,0
DA:15,9
DA:16,9
LF:6
LH:4
BRF:0
BRH:0
end_of_record
TN:
SF:src\slices\sortSlice.tsx
FN:8,(anonymous_0)
FNF:1
FNH:0
FNDA:0,(anonymous_0)
DA:1,9
DA:3,9
DA:9,0
DA:10,0
DA:15,9
DA:16,9
LF:6
LH:4
BRF:0
BRH:0
end_of_record
TN:
SF:src\slices\typeSlice.tsx
FN:10,(anonymous_0)
FNF:1
FNH:0
FNDA:0,(anonymous_0)
DA:1,9
DA:5,9
DA:11,0
DA:12,0
DA:17,9
DA:18,9
LF:6
LH:4
BRF:0
BRH:0
end_of_record
